#
# A fatal error has been detected by the Java Runtime Environment:
#
#  EXCEPTION_ACCESS_VIOLATION (0xc0000005) at pc=0x00007ff94732face, pid=7108, tid=11804
#
# JRE version: OpenJDK Runtime Environment Temurin-17.0.4+8 (17.0.4+8) (build 17.0.4+8)
# Java VM: OpenJDK 64-Bit Server VM Temurin-17.0.4+8 (17.0.4+8, mixed mode, tiered, compressed oops, compressed class ptrs, parallel gc, windows-amd64)
# Problematic frame:
# V  [jvm.dll+0x55face]
#
# No core dump will be written. Minidumps are not enabled by default on client versions of Windows
#
# If you would like to submit a bug report, please visit:
#   https://github.com/adoptium/adoptium-support/issues
#

---------------  S U M M A R Y ------------

Command Line: --add-modules=ALL-SYSTEM --add-opens=java.base/java.util=ALL-UNNAMED --add-opens=java.base/java.lang=ALL-UNNAMED --add-opens=java.base/sun.nio.fs=ALL-UNNAMED -Declipse.application=org.eclipse.jdt.ls.core.id1 -Dosgi.bundles.defaultStartLevel=4 -Declipse.product=org.eclipse.jdt.ls.core.product -Djava.import.generatesMetadataFilesAtProjectRoot=false -Dfile.encoding=utf8 -DwatchParentProcess=false -XX:+UseParallelGC -XX:GCTimeRatio=4 -XX:AdaptiveSizePolicyWeight=90 -Dsun.zip.disableMemoryMapping=true -Xmx1G -Xms100m -Xlog:jni+resolve=off -javaagent:c:\Users\java\.vscode\extensions\redhat.java-1.10.0-win32-x64\lombok\lombok-1.18.24.jar -XX:+HeapDumpOnOutOfMemoryError -XX:HeapDumpPath=c:\Users\java\AppData\Roaming\Code\User\workspaceStorage\2207098bad4057a7e76ec357565946b0\redhat.java c:\Users\java\.vscode\extensions\redhat.java-1.10.0-win32-x64\server\plugins\org.eclipse.equinox.launcher_1.6.400.v20210924-0641.jar -configuration c:\Users\java\AppData\Roaming\Code\User\globalStorage\redhat.java\1.10.0\config_win -data c:\Users\java\AppData\Roaming\Code\User\workspaceStorage\2207098bad4057a7e76ec357565946b0\redhat.java\jdt_ws

Host: Intel(R) Core(TM) i7-3770 CPU @ 3.40GHz, 8 cores, 15G,  Windows 10 , 64 bit Build 19041 (10.0.19041.1889)
Time: Mon Sep 26 13:14:31 2022 Hora oficial do Brasil elapsed time: 18.222729 seconds (0d 0h 0m 18s)

---------------  T H R E A D  ---------------

Current thread (0x0000022ff027df30):  JavaThread "C2 CompilerThread2" daemon [_thread_in_native, id=11804, stack(0x0000009d2bd00000,0x0000009d2be00000)]


Current CompileTask:
C2:  18222 8247   !   4       org.codehaus.plexus.interpolation.reflection.ClassMap::findMethod (107 bytes)

Stack: [0x0000009d2bd00000,0x0000009d2be00000],  sp=0x0000009d2bdfbbb0,  free space=1006k
Native frames: (J=compiled Java code, j=interpreted, Vv=VM code, C=native code)
V  [jvm.dll+0x55face]
V  [jvm.dll+0x32deb0]
V  [jvm.dll+0x32d32a]
V  [jvm.dll+0x2184d1]
V  [jvm.dll+0x2178f1]
V  [jvm.dll+0x1a3f8d]
V  [jvm.dll+0x227308]
V  [jvm.dll+0x225455]
V  [jvm.dll+0x7e7eeb]
V  [jvm.dll+0x7e245a]
V  [jvm.dll+0x6761c5]
C  [ucrtbase.dll+0x21bb2]
C  [KERNEL32.DLL+0x17034]
C  [ntdll.dll+0x526a1]


siginfo: EXCEPTION_ACCESS_VIOLATION (0xc0000005), reading address 0x00000000af7ef9c0


Register to memory mapping:

RIP=0x00007ff94732face jvm.dll
RAX=0x0 is NULL
RBX=0x0000022ff314e998 points into unknown readable memory: 0x00007ff9476ea280 | 80 a2 6e 47 f9 7f 00 00
RCX=0x0000000046100a60 is an unknown value
RDX=0x000000002bdfbe70 is an unknown value
RSP=0x0000009d2bdfbbb0 is pointing into the stack for thread: 0x0000022ff027df30
RBP=0x0 is NULL
RSI=0x0000009d2bdfbf20 is pointing into the stack for thread: 0x0000022ff027df30
RDI=0x0000000000000028 is an unknown value
R8 =0x0000022ff43ea620 points into unknown readable memory: 0x0000000000008000 | 00 80 00 00 00 00 00 00
R9 =0x0 is NULL
R10=0x00007ff947939d28 jvm.dll
R11=0x0000009d2bdfbba8 is pointing into the stack for thread: 0x0000022ff027df30
R12=0x0000000000000005 is an unknown value
R13=0x0000022ffe5c6fd0 points into unknown readable memory: 0x0000000100000001 | 01 00 00 00 01 00 00 00
R14=0x0000000000000005 is an unknown value
R15=0x0000022ffe5c33e0 points into unknown readable memory: 0x0000000000000000 | 00 00 00 00 00 00 00 00


Registers:
RAX=0x0000000000000000, RBX=0x0000022ff314e998, RCX=0x0000000046100a60, RDX=0x000000002bdfbe70
RSP=0x0000009d2bdfbbb0, RBP=0x0000000000000000, RSI=0x0000009d2bdfbf20, RDI=0x0000000000000028
R8 =0x0000022ff43ea620, R9 =0x0000000000000000, R10=0x00007ff947939d28, R11=0x0000009d2bdfbba8
R12=0x0000000000000005, R13=0x0000022ffe5c6fd0, R14=0x0000000000000005, R15=0x0000022ffe5c33e0
RIP=0x00007ff94732face, EFLAGS=0x0000000000010206

Top of Stack: (sp=0x0000009d2bdfbbb0)
0x0000009d2bdfbbb0:   000000000000000f 0000009d2bdfbf20
0x0000009d2bdfbbc0:   0000022ff314e998 0000000000000000
0x0000009d2bdfbbd0:   0000022ff32d3790 0000000000000020
0x0000009d2bdfbbe0:   0000022ffe5c6fd0 0000000000000008
0x0000009d2bdfbbf0:   0000022fecb4e7e0 0000022ffe5bfb20
0x0000009d2bdfbc00:   00000000000484d8 0000022ffe5c3160
0x0000009d2bdfbc10:   0000022ffe5c7b08 00007ff900000002
0x0000009d2bdfbc20:   0000022ffe5c6fc0 0000009d00000002
0x0000009d2bdfbc30:   0000022fecb4e7e0 0000000000000000
0x0000009d2bdfbc40:   000000000001aa40 0000022fecb9f150
0x0000009d2bdfbc50:   0000000000000000 0000022fecb9f160
0x0000009d2bdfbc60:   00000000000003d8 0000009d2bdfc160
0x0000009d2bdfbc70:   0000022fecb9f538 0000009d2bdfbd90
0x0000009d2bdfbc80:   000000000000026d 00007ff9470fdeb0
0x0000009d2bdfbc90:   0000009d0000005d 0000009d00000005
0x0000009d2bdfbca0:   0000022ff314e998 0000000000000050 

Instructions: (pc=0x00007ff94732face)
0x00007ff94732f9ce:   1f 00 48 8b 46 40 ff c9 8b d1 89 8c 24 e0 00 00
0x00007ff94732f9de:   00 48 8b 48 30 48 8b 46 28 48 8b 1c d1 48 89 9c
0x00007ff94732f9ee:   24 f0 00 00 00 8b 53 4c 8d 4a ff 4c 8b 2c c8 4c
0x00007ff94732f9fe:   89 6c 24 30 4d 85 ed 0f 85 89 00 00 00 4c 8b 6e
0x00007ff94732fa0e:   30 4c 89 6c 24 30 4d 85 ed 75 37 33 d2 b9 a0 00
0x00007ff94732fa1e:   00 00 e8 2b da 16 00 49 8b 1e 4c 8b e8 48 89 44
0x00007ff94732fa2e:   24 30 80 3c 2b 00 75 05 e8 c1 df 32 00 48 8b 0c
0x00007ff94732fa3e:   1f 48 8b 9c 24 f0 00 00 00 4c 8b 81 30 02 00 00
0x00007ff94732fa4e:   eb 22 49 8b 85 98 00 00 00 48 89 46 30 41 80 3c
0x00007ff94732fa5e:   2f 00 75 05 e8 95 df 32 00 4a 8b 04 3f 4c 8b 80
0x00007ff94732fa6e:   30 02 00 00 8b 56 50 49 8b cd e8 d3 92 e0 ff 8b
0x00007ff94732fa7e:   4b 4c 4c 8d 15 a1 a2 60 00 48 8b 46 28 ff c9 4c
0x00007ff94732fa8e:   89 2c c8 8b 53 4c 44 8b 73 28 8d 42 ff 4c 8d 3c
0x00007ff94732fa9e:   80 44 89 b4 24 e8 00 00 00 49 c1 e7 05 4c 03 7e
0x00007ff94732faae:   20 41 83 fe 01 0f 86 ad 01 00 00 0f 1f 80 00 00
0x00007ff94732fabe:   00 00 45 8d 66 ff 44 3b 63 18 73 0a 48 8b 43 20
0x00007ff94732face:   4e 8b 34 e0 eb 03 45 33 f6 41 8b 46 2c 83 e0 0f
0x00007ff94732fade:   3c 0c 0f 84 75 01 00 00 48 8b 46 48 49 63 56 28
0x00007ff94732faee:   48 8b 48 08 8b 3c 91 85 ff 74 5c 49 8b 47 08 8b
0x00007ff94732fafe:   cf 48 c1 e9 08 8b df 4c 8b 04 c8 4d 3b c2 75 14
0x00007ff94732fb0e:   8b d7 49 8b cf e8 18 90 e0 ff 4c 8b c0 4c 8d 15
0x00007ff94732fb1e:   06 a2 60 00 0f b6 cb ba 01 00 00 00 48 c1 eb 06
0x00007ff94732fb2e:   80 e1 3f 83 e3 03 48 d3 e2 49 8b 0c d8 48 8b c1
0x00007ff94732fb3e:   48 0b c2 49 89 04 d8 48 8b 9c 24 f0 00 00 00 48
0x00007ff94732fb4e:   85 ca 75 03 41 ff 07 49 8b 45 08 48 8b cf 48 c1
0x00007ff94732fb5e:   e9 08 4c 8b cf 49 c1 e9 06 41 b8 01 00 00 00 41
0x00007ff94732fb6e:   83 e1 03 48 8b 14 c8 40 0f b6 cf 80 e1 3f 49 d3
0x00007ff94732fb7e:   e0 49 8b c0 4a 8b 0c ca 48 f7 d0 48 23 c1 4a 89
0x00007ff94732fb8e:   04 ca 49 85 c8 74 04 41 ff 4d 00 41 8b 46 18 83
0x00007ff94732fb9e:   f8 01 0f 86 9e 00 00 00 bf 08 00 00 00 8d 68 ff
0x00007ff94732fbae:   66 90 49 8b 46 08 48 8b 0c 38 48 8b 46 40 8b 51
0x00007ff94732fbbe:   28 48 8b 48 78 48 39 1c d1 74 6d 48 8b 46 48 48 


Stack slot to memory mapping:
stack at sp + 0 slots: 0x000000000000000f is an unknown value
stack at sp + 1 slots: 0x0000009d2bdfbf20 is pointing into the stack for thread: 0x0000022ff027df30
stack at sp + 2 slots: 0x0000022ff314e998 points into unknown readable memory: 0x00007ff9476ea280 | 80 a2 6e 47 f9 7f 00 00
stack at sp + 3 slots: 0x0 is NULL
stack at sp + 4 slots: 0x0000022ff32d3790 points into unknown readable memory: 0x0000022ff024f5c0 | c0 f5 24 f0 2f 02 00 00
stack at sp + 5 slots: 0x0000000000000020 is an unknown value
stack at sp + 6 slots: 0x0000022ffe5c6fd0 points into unknown readable memory: 0x0000000100000001 | 01 00 00 00 01 00 00 00
stack at sp + 7 slots: 0x0000000000000008 is an unknown value


---------------  P R O C E S S  ---------------

Threads class SMR info:
_java_thread_list=0x0000022ff2705f50, length=31, elements={
0x0000022fd65b6ed0, 0x0000022fea446a40, 0x0000022fea447de0, 0x0000022fea448fd0,
0x0000022fea44b9a0, 0x0000022fea44ca00, 0x0000022fec9b9c90, 0x0000022fec9bf2d0,
0x0000022fec9c1be0, 0x0000022fec9c3460, 0x0000022fea2d14b0, 0x0000022feccbf400,
0x0000022fed4906b0, 0x0000022fee201ec0, 0x0000022fee249b20, 0x0000022fee393800,
0x0000022fecd7e570, 0x0000022fecd72bd0, 0x0000022fee31d4e0, 0x0000022fee319ff0,
0x0000022fee31cb40, 0x0000022fecf88060, 0x0000022fee31d010, 0x0000022fee31bcd0,
0x0000022fee31a4c0, 0x0000022fee31a990, 0x0000022ff05cf080, 0x0000022ff05d0890,
0x0000022ff05d38b0, 0x0000022ff05d1700, 0x0000022ff027df30
}

Java Threads: ( => current thread )
  0x0000022fd65b6ed0 JavaThread "main" [_thread_blocked, id=1564, stack(0x0000009d2a300000,0x0000009d2a400000)]
  0x0000022fea446a40 JavaThread "Reference Handler" daemon [_thread_blocked, id=12612, stack(0x0000009d2a600000,0x0000009d2a700000)]
  0x0000022fea447de0 JavaThread "Finalizer" daemon [_thread_blocked, id=2728, stack(0x0000009d2a700000,0x0000009d2a800000)]
  0x0000022fea448fd0 JavaThread "Signal Dispatcher" daemon [_thread_blocked, id=3816, stack(0x0000009d2a800000,0x0000009d2a900000)]
  0x0000022fea44b9a0 JavaThread "Attach Listener" daemon [_thread_blocked, id=15300, stack(0x0000009d2a900000,0x0000009d2aa00000)]
  0x0000022fea44ca00 JavaThread "Service Thread" daemon [_thread_blocked, id=7504, stack(0x0000009d2aa00000,0x0000009d2ab00000)]
  0x0000022fec9b9c90 JavaThread "Monitor Deflation Thread" daemon [_thread_blocked, id=6036, stack(0x0000009d2ab00000,0x0000009d2ac00000)]
  0x0000022fec9bf2d0 JavaThread "C2 CompilerThread0" daemon [_thread_in_native, id=3292, stack(0x0000009d2ac00000,0x0000009d2ad00000)]
  0x0000022fec9c1be0 JavaThread "C1 CompilerThread0" daemon [_thread_in_native, id=4396, stack(0x0000009d2ad00000,0x0000009d2ae00000)]
  0x0000022fec9c3460 JavaThread "Sweeper thread" daemon [_thread_blocked, id=4508, stack(0x0000009d2ae00000,0x0000009d2af00000)]
  0x0000022fea2d14b0 JavaThread "Common-Cleaner" daemon [_thread_blocked, id=11348, stack(0x0000009d2af00000,0x0000009d2b000000)]
  0x0000022feccbf400 JavaThread "Notification Thread" daemon [_thread_blocked, id=3036, stack(0x0000009d2b100000,0x0000009d2b200000)]
  0x0000022fed4906b0 JavaThread "Active Thread: Equinox Container: 3bb95cf9-b33d-4e06-935c-afa1dc297449" [_thread_blocked, id=14024, stack(0x0000009d2b900000,0x0000009d2ba00000)]
  0x0000022fee201ec0 JavaThread "Framework Event Dispatcher: Equinox Container: 3bb95cf9-b33d-4e06-935c-afa1dc297449" daemon [_thread_blocked, id=13260, stack(0x0000009d2b000000,0x0000009d2b100000)]
  0x0000022fee249b20 JavaThread "Start Level: Equinox Container: 3bb95cf9-b33d-4e06-935c-afa1dc297449" daemon [_thread_blocked, id=13512, stack(0x0000009d2b300000,0x0000009d2b400000)]
  0x0000022fee393800 JavaThread "SCR Component Actor" daemon [_thread_blocked, id=13760, stack(0x0000009d2ba00000,0x0000009d2bb00000)]
  0x0000022fecd7e570 JavaThread "Bundle File Closer" daemon [_thread_blocked, id=14292, stack(0x0000009d2be00000,0x0000009d2bf00000)]
  0x0000022fecd72bd0 JavaThread "Worker-JM" [_thread_blocked, id=10104, stack(0x0000009d2bf00000,0x0000009d2c000000)]
  0x0000022fee31d4e0 JavaThread "Worker-0: Initialize workspace" [_thread_blocked, id=10036, stack(0x0000009d2c000000,0x0000009d2c100000)]
  0x0000022fee319ff0 JavaThread "Worker-1" [_thread_blocked, id=9860, stack(0x0000009d2c100000,0x0000009d2c200000)]
  0x0000022fee31cb40 JavaThread "Worker-2" [_thread_blocked, id=11500, stack(0x0000009d2c200000,0x0000009d2c300000)]
  0x0000022fecf88060 JavaThread "C2 CompilerThread1" daemon [_thread_in_native, id=14376, stack(0x0000009d2c300000,0x0000009d2c400000)]
  0x0000022fee31d010 JavaThread "Java indexing" daemon [_thread_blocked, id=9440, stack(0x0000009d2c500000,0x0000009d2c600000)]
  0x0000022fee31bcd0 JavaThread "pool-1-thread-1" [_thread_in_native, id=12664, stack(0x0000009d2c800000,0x0000009d2c900000)]
  0x0000022fee31a4c0 JavaThread "Worker-3" [_thread_blocked, id=15208, stack(0x0000009d2c900000,0x0000009d2ca00000)]
  0x0000022fee31a990 JavaThread "Worker-4: Building" [_thread_in_Java, id=14400, stack(0x0000009d2ca00000,0x0000009d2cb00000)]
  0x0000022ff05cf080 JavaThread "ForkJoinPool.commonPool-worker-1" daemon [_thread_blocked, id=1168, stack(0x0000009d2c400000,0x0000009d2c500000)]
  0x0000022ff05d0890 JavaThread "ForkJoinPool.commonPool-worker-2" daemon [_thread_blocked, id=10252, stack(0x0000009d2cc00000,0x0000009d2cd00000)]
  0x0000022ff05d38b0 JavaThread "ForkJoinPool.commonPool-worker-3" daemon [_thread_blocked, id=12308, stack(0x0000009d2cd00000,0x0000009d2ce00000)]
  0x0000022ff05d1700 JavaThread "Worker-5" [_thread_blocked, id=13852, stack(0x0000009d2ce00000,0x0000009d2cf00000)]
=>0x0000022ff027df30 JavaThread "C2 CompilerThread2" daemon [_thread_in_native, id=11804, stack(0x0000009d2bd00000,0x0000009d2be00000)]

Other Threads:
  0x0000022fea441120 VMThread "VM Thread" [stack: 0x0000009d2a500000,0x0000009d2a600000] [id=14236]
  0x0000022feccbfcd0 WatcherThread [stack: 0x0000009d2b200000,0x0000009d2b300000] [id=7816]
  0x0000022fd65cbef0 GCTaskThread "GC Thread#0" [stack: 0x0000009d2a400000,0x0000009d2a500000] [id=11008]
  0x0000022fee03e340 GCTaskThread "GC Thread#1" [stack: 0x0000009d2b400000,0x0000009d2b500000] [id=9668]
  0x0000022fee03e5f0 GCTaskThread "GC Thread#2" [stack: 0x0000009d2b500000,0x0000009d2b600000] [id=13768]
  0x0000022fee03e8a0 GCTaskThread "GC Thread#3" [stack: 0x0000009d2b600000,0x0000009d2b700000] [id=15224]
  0x0000022fed2b7cd0 GCTaskThread "GC Thread#4" [stack: 0x0000009d2b700000,0x0000009d2b800000] [id=14888]
  0x0000022fed2b7f80 GCTaskThread "GC Thread#5" [stack: 0x0000009d2b800000,0x0000009d2b900000] [id=13300]
  0x0000022fee2c5c90 GCTaskThread "GC Thread#6" [stack: 0x0000009d2bb00000,0x0000009d2bc00000] [id=14112]
  0x0000022fee2e2ab0 GCTaskThread "GC Thread#7" [stack: 0x0000009d2bc00000,0x0000009d2bd00000] [id=684]

Threads with active compile tasks:
C2 CompilerThread1    18322 8193   !   4       org.codehaus.plexus.interpolation.StringSearchInterpolator::interpolate (668 bytes)
C2 CompilerThread2    18322 8247   !   4       org.codehaus.plexus.interpolation.reflection.ClassMap::findMethod (107 bytes)

VM state: not at safepoint (normal execution)

VM Mutex/Monitor currently owned by a thread: None

Heap address: 0x00000000c0000000, size: 1024 MB, Compressed Oops mode: 32-bit

CDS archive(s) not mapped
Compressed class space mapped at: 0x0000000100000000-0x0000000140000000, reserved size: 1073741824
Narrow klass base: 0x0000000000000000, Narrow klass shift: 3, Narrow klass range: 0x140000000

GC Precious Log:
 CPUs: 8 total, 8 available
 Memory: 16348M
 Large Page Support: Disabled
 NUMA Support: Disabled
 Compressed Oops: Enabled (32-bit)
 Alignments: Space 512K, Generation 512K, Heap 2M
 Heap Min Capacity: 100M
 Heap Initial Capacity: 100M
 Heap Max Capacity: 1G
 Pre-touch: Disabled
 Parallel Workers: 8

Heap:
 PSYoungGen      total 19456K, used 3010K [0x00000000eab00000, 0x00000000ec180000, 0x0000000100000000)
  eden space 17920K, 8% used [0x00000000eab00000,0x00000000eac90840,0x00000000ebc80000)
  from space 1536K, 91% used [0x00000000ebc80000,0x00000000ebde0000,0x00000000ebe00000)
  to   space 2560K, 0% used [0x00000000ebf00000,0x00000000ebf00000,0x00000000ec180000)
 ParOldGen       total 68608K, used 50929K [0x00000000c0000000, 0x00000000c4300000, 0x00000000eab00000)
  object space 68608K, 74% used [0x00000000c0000000,0x00000000c31bc498,0x00000000c4300000)
 Metaspace       used 60177K, committed 61120K, reserved 1105920K
  class space    used 6333K, committed 6720K, reserved 1048576K

Card table byte_map: [0x0000022fd5f70000,0x0000022fd6180000] _byte_map_base: 0x0000022fd5970000

Marking Bits: (ParMarkBitMap*) 0x00007ff947952cd0
 Begin Bits: [0x0000022fe8250000, 0x0000022fe9250000)
 End Bits:   [0x0000022fe9250000, 0x0000022fea250000)

Polling page: 0x0000022fd45a0000

Metaspace:

Usage:
  Non-class:     52.58 MB used.
      Class:      6.19 MB used.
       Both:     58.77 MB used.

Virtual space:
  Non-class space:       56.00 MB reserved,      53.12 MB ( 95%) committed,  7 nodes.
      Class space:        1.00 GB reserved,       6.56 MB ( <1%) committed,  1 nodes.
             Both:        1.05 GB reserved,      59.69 MB (  6%) committed. 

Chunk freelists:
   Non-Class:  2.25 MB
       Class:  1.32 MB
        Both:  3.57 MB

MaxMetaspaceSize: unlimited
CompressedClassSpaceSize: 1.00 GB
Initial GC threshold: 21.00 MB
Current GC threshold: 97.31 MB
CDS: off
MetaspaceReclaimPolicy: balanced
 - commit_granule_bytes: 65536.
 - commit_granule_words: 8192.
 - virtual_space_node_default_size: 1048576.
 - enlarge_chunks_in_place: 1.
 - new_chunks_are_fully_committed: 0.
 - uncommit_free_chunks: 1.
 - use_allocation_guard: 0.
 - handle_deallocations: 1.


Internal statistics:

num_allocs_failed_limit: 9.
num_arena_births: 642.
num_arena_deaths: 14.
num_vsnodes_births: 8.
num_vsnodes_deaths: 0.
num_space_committed: 956.
num_space_uncommitted: 0.
num_chunks_returned_to_freelist: 23.
num_chunks_taken_from_freelist: 2961.
num_chunk_merges: 13.
num_chunk_splits: 1902.
num_chunks_enlarged: 1150.
num_purges: 2.
num_inconsistent_stats: 0.

CodeHeap 'non-profiled nmethods': size=120000Kb used=4700Kb max_used=4700Kb free=115300Kb
 bounds [0x0000022fe0d20000, 0x0000022fe11c0000, 0x0000022fe8250000]
CodeHeap 'profiled nmethods': size=120000Kb used=15519Kb max_used=15519Kb free=104480Kb
 bounds [0x0000022fd97f0000, 0x0000022fda720000, 0x0000022fe0d20000]
CodeHeap 'non-nmethods': size=5760Kb used=1333Kb max_used=1416Kb free=4426Kb
 bounds [0x0000022fd9250000, 0x0000022fd94c0000, 0x0000022fd97f0000]
 total_blobs=8100 nmethods=7428 adapters=586
 compilation: enabled
              stopped_count=0, restarted_count=0
 full_count=0

Compilation events (20 events):
Event: 18.185 Thread 0x0000022fec9c1be0 nmethod 8242 0x0000022fda6e9690 code [0x0000022fda6e9820, 0x0000022fda6e99b8]
Event: 18.185 Thread 0x0000022fec9c1be0 8244       3       org.apache.maven.model.building.DefaultModelBuilder::injectProfileActivations (68 bytes)
Event: 18.186 Thread 0x0000022fec9c1be0 nmethod 8244 0x0000022fda6e9a90 code [0x0000022fda6e9ce0, 0x0000022fda6ea798]
Event: 18.186 Thread 0x0000022fec9c1be0 8243   !   3       org.apache.maven.model.Build::clone (115 bytes)
Event: 18.186 Thread 0x0000022ff027df30 8247   !   4       org.codehaus.plexus.interpolation.reflection.ClassMap::findMethod (107 bytes)
Event: 18.187 Thread 0x0000022fec9c1be0 nmethod 8243 0x0000022fda6eab10 code [0x0000022fda6eae20, 0x0000022fda6ebe58]
Event: 18.187 Thread 0x0000022fec9c1be0 8245       1       org.apache.maven.model.Organization::getName (5 bytes)
Event: 18.187 Thread 0x0000022fec9c1be0 nmethod 8245 0x0000022fe11af710 code [0x0000022fe11af8a0, 0x0000022fe11af978]
Event: 18.187 Thread 0x0000022fec9c1be0 8246       1       org.apache.maven.model.Parent::getRelativePath (5 bytes)
Event: 18.187 Thread 0x0000022fec9c1be0 nmethod 8246 0x0000022fe11afa10 code [0x0000022fe11afba0, 0x0000022fe11afc78]
Event: 18.187 Thread 0x0000022fec9c1be0 8241       1       org.eclipse.aether.repository.RemoteRepository::getProtocol (5 bytes)
Event: 18.187 Thread 0x0000022fec9c1be0 nmethod 8241 0x0000022fe11afd10 code [0x0000022fe11afea0, 0x0000022fe11aff78]
Event: 18.187 Thread 0x0000022fec9c1be0 8248       3       org.apache.maven.model.management.DefaultDependencyManagementInjector$ManagementModelMerger::mergeManagedDependencies (151 bytes)
Event: 18.189 Thread 0x0000022fec9c1be0 nmethod 8248 0x0000022fda6ec590 code [0x0000022fda6ec8c0, 0x0000022fda6ee0a8]
Event: 18.189 Thread 0x0000022fec9c1be0 8249       3       org.eclipse.aether.artifact.AbstractArtifact::hashCode (83 bytes)
Event: 18.189 Thread 0x0000022fec9c1be0 nmethod 8249 0x0000022fda6ee890 code [0x0000022fda6eeac0, 0x0000022fda6ef048]
Event: 18.189 Thread 0x0000022fec9c1be0 8250       3       org.eclipse.aether.artifact.AbstractArtifact::hash (13 bytes)
Event: 18.190 Thread 0x0000022fec9c1be0 nmethod 8250 0x0000022fda6ef390 code [0x0000022fda6ef540, 0x0000022fda6ef768]
Event: 18.192 Thread 0x0000022fec9c1be0 8251       3       org.apache.maven.model.building.DefaultModelBuildingRequest::getUserProperties (23 bytes)
Event: 18.192 Thread 0x0000022fec9c1be0 nmethod 8251 0x0000022fda6ef810 code [0x0000022fda6ef9c0, 0x0000022fda6efc48]

GC Heap History (20 events):
Event: 15.699 GC heap before
{Heap before GC invocations=34 (full 2):
 PSYoungGen      total 22016K, used 21846K [0x00000000eab00000, 0x00000000ec280000, 0x0000000100000000)
  eden space 19968K, 100% used [0x00000000eab00000,0x00000000ebe80000,0x00000000ebe80000)
  from space 2048K, 91% used [0x00000000ebf00000,0x00000000ec0d5b58,0x00000000ec100000)
  to   space 1536K, 0% used [0x00000000ec100000,0x00000000ec100000,0x00000000ec280000)
 ParOldGen       total 68608K, used 44385K [0x00000000c0000000, 0x00000000c4300000, 0x00000000eab00000)
  object space 68608K, 64% used [0x00000000c0000000,0x00000000c2b586b0,0x00000000c4300000)
 Metaspace       used 54965K, committed 56064K, reserved 1105920K
  class space    used 5879K, committed 6336K, reserved 1048576K
}
Event: 15.701 GC heap after
{Heap after GC invocations=34 (full 2):
 PSYoungGen      total 19968K, used 1536K [0x00000000eab00000, 0x00000000ec680000, 0x0000000100000000)
  eden space 18432K, 0% used [0x00000000eab00000,0x00000000eab00000,0x00000000ebd00000)
  from space 1536K, 100% used [0x00000000ec100000,0x00000000ec280000,0x00000000ec280000)
  to   space 4096K, 0% used [0x00000000ebd00000,0x00000000ebd00000,0x00000000ec100000)
 ParOldGen       total 68608K, used 46282K [0x00000000c0000000, 0x00000000c4300000, 0x00000000eab00000)
  object space 68608K, 67% used [0x00000000c0000000,0x00000000c2d32968,0x00000000c4300000)
 Metaspace       used 54965K, committed 56064K, reserved 1105920K
  class space    used 5879K, committed 6336K, reserved 1048576K
}
Event: 15.796 GC heap before
{Heap before GC invocations=35 (full 2):
 PSYoungGen      total 19968K, used 19968K [0x00000000eab00000, 0x00000000ec680000, 0x0000000100000000)
  eden space 18432K, 100% used [0x00000000eab00000,0x00000000ebd00000,0x00000000ebd00000)
  from space 1536K, 100% used [0x00000000ec100000,0x00000000ec280000,0x00000000ec280000)
  to   space 4096K, 0% used [0x00000000ebd00000,0x00000000ebd00000,0x00000000ec100000)
 ParOldGen       total 68608K, used 46282K [0x00000000c0000000, 0x00000000c4300000, 0x00000000eab00000)
  object space 68608K, 67% used [0x00000000c0000000,0x00000000c2d32968,0x00000000c4300000)
 Metaspace       used 55203K, committed 56320K, reserved 1105920K
  class space    used 5894K, committed 6336K, reserved 1048576K
}
Event: 15.799 GC heap after
{Heap after GC invocations=35 (full 2):
 PSYoungGen      total 20480K, used 1802K [0x00000000eab00000, 0x00000000ec200000, 0x0000000100000000)
  eden space 18432K, 0% used [0x00000000eab00000,0x00000000eab00000,0x00000000ebd00000)
  from space 2048K, 87% used [0x00000000ebd00000,0x00000000ebec28c8,0x00000000ebf00000)
  to   space 2560K, 0% used [0x00000000ebf80000,0x00000000ebf80000,0x00000000ec200000)
 ParOldGen       total 68608K, used 47853K [0x00000000c0000000, 0x00000000c4300000, 0x00000000eab00000)
  object space 68608K, 69% used [0x00000000c0000000,0x00000000c2ebb5c0,0x00000000c4300000)
 Metaspace       used 55203K, committed 56320K, reserved 1105920K
  class space    used 5894K, committed 6336K, reserved 1048576K
}
Event: 15.870 GC heap before
{Heap before GC invocations=36 (full 2):
 PSYoungGen      total 20480K, used 20234K [0x00000000eab00000, 0x00000000ec200000, 0x0000000100000000)
  eden space 18432K, 100% used [0x00000000eab00000,0x00000000ebd00000,0x00000000ebd00000)
  from space 2048K, 87% used [0x00000000ebd00000,0x00000000ebec28c8,0x00000000ebf00000)
  to   space 2560K, 0% used [0x00000000ebf80000,0x00000000ebf80000,0x00000000ec200000)
 ParOldGen       total 68608K, used 47853K [0x00000000c0000000, 0x00000000c4300000, 0x00000000eab00000)
  object space 68608K, 69% used [0x00000000c0000000,0x00000000c2ebb5c0,0x00000000c4300000)
 Metaspace       used 55883K, committed 56960K, reserved 1105920K
  class space    used 5957K, committed 6400K, reserved 1048576K
}
Event: 15.870 GC heap after
{Heap after GC invocations=36 (full 2):
 PSYoungGen      total 18944K, used 160K [0x00000000eab00000, 0x00000000ec000000, 0x0000000100000000)
  eden space 18432K, 0% used [0x00000000eab00000,0x00000000eab00000,0x00000000ebd00000)
  from space 512K, 31% used [0x00000000ebf80000,0x00000000ebfa8000,0x00000000ec000000)
  to   space 1024K, 0% used [0x00000000ebe00000,0x00000000ebe00000,0x00000000ebf00000)
 ParOldGen       total 68608K, used 48005K [0x00000000c0000000, 0x00000000c4300000, 0x00000000eab00000)
  object space 68608K, 69% used [0x00000000c0000000,0x00000000c2ee15c0,0x00000000c4300000)
 Metaspace       used 55883K, committed 56960K, reserved 1105920K
  class space    used 5957K, committed 6400K, reserved 1048576K
}
Event: 16.224 GC heap before
{Heap before GC invocations=37 (full 2):
 PSYoungGen      total 18944K, used 18592K [0x00000000eab00000, 0x00000000ec000000, 0x0000000100000000)
  eden space 18432K, 100% used [0x00000000eab00000,0x00000000ebd00000,0x00000000ebd00000)
  from space 512K, 31% used [0x00000000ebf80000,0x00000000ebfa8000,0x00000000ec000000)
  to   space 1024K, 0% used [0x00000000ebe00000,0x00000000ebe00000,0x00000000ebf00000)
 ParOldGen       total 68608K, used 48005K [0x00000000c0000000, 0x00000000c4300000, 0x00000000eab00000)
  object space 68608K, 69% used [0x00000000c0000000,0x00000000c2ee15c0,0x00000000c4300000)
 Metaspace       used 57819K, committed 58816K, reserved 1105920K
  class space    used 6141K, committed 6528K, reserved 1048576K
}
Event: 16.226 GC heap after
{Heap after GC invocations=37 (full 2):
 PSYoungGen      total 19456K, used 1005K [0x00000000eab00000, 0x00000000ec000000, 0x0000000100000000)
  eden space 18432K, 0% used [0x00000000eab00000,0x00000000eab00000,0x00000000ebd00000)
  from space 1024K, 98% used [0x00000000ebe00000,0x00000000ebefb400,0x00000000ebf00000)
  to   space 1024K, 0% used [0x00000000ebf00000,0x00000000ebf00000,0x00000000ec000000)
 ParOldGen       total 68608K, used 48093K [0x00000000c0000000, 0x00000000c4300000, 0x00000000eab00000)
  object space 68608K, 70% used [0x00000000c0000000,0x00000000c2ef75c0,0x00000000c4300000)
 Metaspace       used 57819K, committed 58816K, reserved 1105920K
  class space    used 6141K, committed 6528K, reserved 1048576K
}
Event: 16.568 GC heap before
{Heap before GC invocations=38 (full 2):
 PSYoungGen      total 19456K, used 19363K [0x00000000eab00000, 0x00000000ec000000, 0x0000000100000000)
  eden space 18432K, 99% used [0x00000000eab00000,0x00000000ebceda30,0x00000000ebd00000)
  from space 1024K, 98% used [0x00000000ebe00000,0x00000000ebefb400,0x00000000ebf00000)
  to   space 1024K, 0% used [0x00000000ebf00000,0x00000000ebf00000,0x00000000ec000000)
 ParOldGen       total 68608K, used 48093K [0x00000000c0000000, 0x00000000c4300000, 0x00000000eab00000)
  object space 68608K, 70% used [0x00000000c0000000,0x00000000c2ef75c0,0x00000000c4300000)
 Metaspace       used 58077K, committed 59136K, reserved 1105920K
  class space    used 6165K, committed 6592K, reserved 1048576K
}
Event: 16.570 GC heap after
{Heap after GC invocations=38 (full 2):
 PSYoungGen      total 18944K, used 1009K [0x00000000eab00000, 0x00000000ec200000, 0x0000000100000000)
  eden space 17920K, 0% used [0x00000000eab00000,0x00000000eab00000,0x00000000ebc80000)
  from space 1024K, 98% used [0x00000000ebf00000,0x00000000ebffc4c0,0x00000000ec000000)
  to   space 2560K, 0% used [0x00000000ebc80000,0x00000000ebc80000,0x00000000ebf00000)
 ParOldGen       total 68608K, used 49291K [0x00000000c0000000, 0x00000000c4300000, 0x00000000eab00000)
  object space 68608K, 71% used [0x00000000c0000000,0x00000000c3022ea0,0x00000000c4300000)
 Metaspace       used 58077K, committed 59136K, reserved 1105920K
  class space    used 6165K, committed 6592K, reserved 1048576K
}
Event: 16.857 GC heap before
{Heap before GC invocations=39 (full 2):
 PSYoungGen      total 18944K, used 18929K [0x00000000eab00000, 0x00000000ec200000, 0x0000000100000000)
  eden space 17920K, 100% used [0x00000000eab00000,0x00000000ebc80000,0x00000000ebc80000)
  from space 1024K, 98% used [0x00000000ebf00000,0x00000000ebffc4c0,0x00000000ec000000)
  to   space 2560K, 0% used [0x00000000ebc80000,0x00000000ebc80000,0x00000000ebf00000)
 ParOldGen       total 68608K, used 49291K [0x00000000c0000000, 0x00000000c4300000, 0x00000000eab00000)
  object space 68608K, 71% used [0x00000000c0000000,0x00000000c3022ea0,0x00000000c4300000)
 Metaspace       used 58610K, committed 59648K, reserved 1105920K
  class space    used 6220K, committed 6656K, reserved 1048576K
}
Event: 16.859 GC heap after
{Heap after GC invocations=39 (full 2):
 PSYoungGen      total 20480K, used 2541K [0x00000000eab00000, 0x00000000ec780000, 0x0000000100000000)
  eden space 17920K, 0% used [0x00000000eab00000,0x00000000eab00000,0x00000000ebc80000)
  from space 2560K, 99% used [0x00000000ebc80000,0x00000000ebefb7e8,0x00000000ebf00000)
  to   space 5632K, 0% used [0x00000000ec200000,0x00000000ec200000,0x00000000ec780000)
 ParOldGen       total 68608K, used 51513K [0x00000000c0000000, 0x00000000c4300000, 0x00000000eab00000)
  object space 68608K, 75% used [0x00000000c0000000,0x00000000c324e750,0x00000000c4300000)
 Metaspace       used 58610K, committed 59648K, reserved 1105920K
  class space    used 6220K, committed 6656K, reserved 1048576K
}
Event: 17.268 GC heap before
{Heap before GC invocations=40 (full 2):
 PSYoungGen      total 20480K, used 14529K [0x00000000eab00000, 0x00000000ec780000, 0x0000000100000000)
  eden space 17920K, 66% used [0x00000000eab00000,0x00000000eb6b4d00,0x00000000ebc80000)
  from space 2560K, 99% used [0x00000000ebc80000,0x00000000ebefb7e8,0x00000000ebf00000)
  to   space 5632K, 0% used [0x00000000ec200000,0x00000000ec200000,0x00000000ec780000)
 ParOldGen       total 68608K, used 51513K [0x00000000c0000000, 0x00000000c4300000, 0x00000000eab00000)
  object space 68608K, 75% used [0x00000000c0000000,0x00000000c324e750,0x00000000c4300000)
 Metaspace       used 58784K, committed 59776K, reserved 1105920K
  class space    used 6227K, committed 6656K, reserved 1048576K
}
Event: 17.269 GC heap after
{Heap after GC invocations=40 (full 2):
 PSYoungGen      total 19456K, used 1030K [0x00000000eab00000, 0x00000000ec380000, 0x0000000100000000)
  eden space 17920K, 0% used [0x00000000eab00000,0x00000000eab00000,0x00000000ebc80000)
  from space 1536K, 67% used [0x00000000ec200000,0x00000000ec301ad0,0x00000000ec380000)
  to   space 2560K, 0% used [0x00000000ebe80000,0x00000000ebe80000,0x00000000ec100000)
 ParOldGen       total 68608K, used 51945K [0x00000000c0000000, 0x00000000c4300000, 0x00000000eab00000)
  object space 68608K, 75% used [0x00000000c0000000,0x00000000c32ba750,0x00000000c4300000)
 Metaspace       used 58784K, committed 59776K, reserved 1105920K
  class space    used 6227K, committed 6656K, reserved 1048576K
}
Event: 17.269 GC heap before
{Heap before GC invocations=41 (full 3):
 PSYoungGen      total 19456K, used 1030K [0x00000000eab00000, 0x00000000ec380000, 0x0000000100000000)
  eden space 17920K, 0% used [0x00000000eab00000,0x00000000eab00000,0x00000000ebc80000)
  from space 1536K, 67% used [0x00000000ec200000,0x00000000ec301ad0,0x00000000ec380000)
  to   space 2560K, 0% used [0x00000000ebe80000,0x00000000ebe80000,0x00000000ec100000)
 ParOldGen       total 68608K, used 51945K [0x00000000c0000000, 0x00000000c4300000, 0x00000000eab00000)
  object space 68608K, 75% used [0x00000000c0000000,0x00000000c32ba750,0x00000000c4300000)
 Metaspace       used 58784K, committed 59776K, reserved 1105920K
  class space    used 6227K, committed 6656K, reserved 1048576K
}
Event: 17.353 GC heap after
{Heap after GC invocations=41 (full 3):
 PSYoungGen      total 19456K, used 0K [0x00000000eab00000, 0x00000000ec380000, 0x0000000100000000)
  eden space 17920K, 0% used [0x00000000eab00000,0x00000000eab00000,0x00000000ebc80000)
  from space 1536K, 0% used [0x00000000ec200000,0x00000000ec200000,0x00000000ec380000)
  to   space 2560K, 0% used [0x00000000ebe80000,0x00000000ebe80000,0x00000000ec100000)
 ParOldGen       total 68608K, used 47496K [0x00000000c0000000, 0x00000000c4300000, 0x00000000eab00000)
  object space 68608K, 69% used [0x00000000c0000000,0x00000000c2e62248,0x00000000c4300000)
 Metaspace       used 58784K, committed 59776K, reserved 1105920K
  class space    used 6227K, committed 6656K, reserved 1048576K
}
Event: 17.777 GC heap before
{Heap before GC invocations=42 (full 3):
 PSYoungGen      total 19456K, used 17920K [0x00000000eab00000, 0x00000000ec380000, 0x0000000100000000)
  eden space 17920K, 100% used [0x00000000eab00000,0x00000000ebc80000,0x00000000ebc80000)
  from space 1536K, 0% used [0x00000000ec200000,0x00000000ec200000,0x00000000ec380000)
  to   space 2560K, 0% used [0x00000000ebe80000,0x00000000ebe80000,0x00000000ec100000)
 ParOldGen       total 68608K, used 47496K [0x00000000c0000000, 0x00000000c4300000, 0x00000000eab00000)
  object space 68608K, 69% used [0x00000000c0000000,0x00000000c2e62248,0x00000000c4300000)
 Metaspace       used 59726K, committed 60672K, reserved 1105920K
  class space    used 6310K, committed 6720K, reserved 1048576K
}
Event: 17.779 GC heap after
{Heap after GC invocations=42 (full 3):
 PSYoungGen      total 20480K, used 2464K [0x00000000eab00000, 0x00000000ec280000, 0x0000000100000000)
  eden space 17920K, 0% used [0x00000000eab00000,0x00000000eab00000,0x00000000ebc80000)
  from space 2560K, 96% used [0x00000000ebe80000,0x00000000ec0e8000,0x00000000ec100000)
  to   space 1536K, 0% used [0x00000000ec100000,0x00000000ec100000,0x00000000ec280000)
 ParOldGen       total 68608K, used 47504K [0x00000000c0000000, 0x00000000c4300000, 0x00000000eab00000)
  object space 68608K, 69% used [0x00000000c0000000,0x00000000c2e64248,0x00000000c4300000)
 Metaspace       used 59726K, committed 60672K, reserved 1105920K
  class space    used 6310K, committed 6720K, reserved 1048576K
}
Event: 17.926 GC heap before
{Heap before GC invocations=43 (full 3):
 PSYoungGen      total 20480K, used 20384K [0x00000000eab00000, 0x00000000ec280000, 0x0000000100000000)
  eden space 17920K, 100% used [0x00000000eab00000,0x00000000ebc80000,0x00000000ebc80000)
  from space 2560K, 96% used [0x00000000ebe80000,0x00000000ec0e8000,0x00000000ec100000)
  to   space 1536K, 0% used [0x00000000ec100000,0x00000000ec100000,0x00000000ec280000)
 ParOldGen       total 68608K, used 47504K [0x00000000c0000000, 0x00000000c4300000, 0x00000000eab00000)
  object space 68608K, 69% used [0x00000000c0000000,0x00000000c2e64248,0x00000000c4300000)
 Metaspace       used 59862K, committed 60864K, reserved 1105920K
  class space    used 6313K, committed 6720K, reserved 1048576K
}
Event: 17.928 GC heap after
{Heap after GC invocations=43 (full 3):
 PSYoungGen      total 19456K, used 1536K [0x00000000eab00000, 0x00000000ec580000, 0x0000000100000000)
  eden space 17920K, 0% used [0x00000000eab00000,0x00000000eab00000,0x00000000ebc80000)
  from space 1536K, 100% used [0x00000000ec100000,0x00000000ec280000,0x00000000ec280000)
  to   space 4608K, 0% used [0x00000000ebc80000,0x00000000ebc80000,0x00000000ec100000)
 ParOldGen       total 68608K, used 49809K [0x00000000c0000000, 0x00000000c4300000, 0x00000000eab00000)
  object space 68608K, 72% used [0x00000000c0000000,0x00000000c30a4498,0x00000000c4300000)
 Metaspace       used 59862K, committed 60864K, reserved 1105920K
  class space    used 6313K, committed 6720K, reserved 1048576K
}

Deoptimization events (20 events):
Event: 18.013 Thread 0x0000022fee31a990 Uncommon trap: trap_request=0xffffffde fr.pc=0x0000022fe114ca80 relative=0x0000000000000880
Event: 18.013 Thread 0x0000022fee31a990 Uncommon trap: reason=class_check action=maybe_recompile pc=0x0000022fe114ca80 method=java.util.WeakHashMap.matchesKey(Ljava/util/WeakHashMap$Entry;Ljava/lang/Object;)Z @ 21 c2
Event: 18.013 Thread 0x0000022fee31a990 DEOPT PACKING pc=0x0000022fe114ca80 sp=0x0000009d2cafc390
Event: 18.013 Thread 0x0000022fee31a990 DEOPT UNPACKING pc=0x0000022fd92a20a3 sp=0x0000009d2cafc2d8 mode 2
Event: 18.108 Thread 0x0000022fee31a990 Uncommon trap: trap_request=0xffffffde fr.pc=0x0000022fe11a58b4 relative=0x0000000000000474
Event: 18.108 Thread 0x0000022fee31a990 Uncommon trap: reason=class_check action=maybe_recompile pc=0x0000022fe11a58b4 method=org.codehaus.plexus.interpolation.MapBasedValueSource.getValue(Ljava/lang/String;)Ljava/lang/Object; @ 16 c2
Event: 18.108 Thread 0x0000022fee31a990 DEOPT PACKING pc=0x0000022fe11a58b4 sp=0x0000009d2cafc780
Event: 18.108 Thread 0x0000022fee31a990 DEOPT UNPACKING pc=0x0000022fd92a20a3 sp=0x0000009d2cafc738 mode 2
Event: 18.108 Thread 0x0000022fee31a990 Uncommon trap: trap_request=0xffffffde fr.pc=0x0000022fe11a58b4 relative=0x0000000000000474
Event: 18.108 Thread 0x0000022fee31a990 Uncommon trap: reason=class_check action=maybe_recompile pc=0x0000022fe11a58b4 method=org.codehaus.plexus.interpolation.MapBasedValueSource.getValue(Ljava/lang/String;)Ljava/lang/Object; @ 16 c2
Event: 18.108 Thread 0x0000022fee31a990 DEOPT PACKING pc=0x0000022fe11a58b4 sp=0x0000009d2cafc780
Event: 18.108 Thread 0x0000022fee31a990 DEOPT UNPACKING pc=0x0000022fd92a20a3 sp=0x0000009d2cafc738 mode 2
Event: 18.108 Thread 0x0000022fee31a990 Uncommon trap: trap_request=0xffffffde fr.pc=0x0000022fe11a58b4 relative=0x0000000000000474
Event: 18.108 Thread 0x0000022fee31a990 Uncommon trap: reason=class_check action=maybe_recompile pc=0x0000022fe11a58b4 method=org.codehaus.plexus.interpolation.MapBasedValueSource.getValue(Ljava/lang/String;)Ljava/lang/Object; @ 16 c2
Event: 18.108 Thread 0x0000022fee31a990 DEOPT PACKING pc=0x0000022fe11a58b4 sp=0x0000009d2cafc780
Event: 18.108 Thread 0x0000022fee31a990 DEOPT UNPACKING pc=0x0000022fd92a20a3 sp=0x0000009d2cafc738 mode 2
Event: 18.109 Thread 0x0000022fee31a990 Uncommon trap: trap_request=0xffffffde fr.pc=0x0000022fe11a58b4 relative=0x0000000000000474
Event: 18.109 Thread 0x0000022fee31a990 Uncommon trap: reason=class_check action=maybe_recompile pc=0x0000022fe11a58b4 method=org.codehaus.plexus.interpolation.MapBasedValueSource.getValue(Ljava/lang/String;)Ljava/lang/Object; @ 16 c2
Event: 18.109 Thread 0x0000022fee31a990 DEOPT PACKING pc=0x0000022fe11a58b4 sp=0x0000009d2cafc8f0
Event: 18.109 Thread 0x0000022fee31a990 DEOPT UNPACKING pc=0x0000022fd92a20a3 sp=0x0000009d2cafc8a8 mode 2

Classes unloaded (7 events):
Event: 8.201 Thread 0x0000022fea441120 Unloading class 0x0000000100218800 'java/lang/invoke/LambdaForm$MH+0x0000000100218800'
Event: 8.201 Thread 0x0000022fea441120 Unloading class 0x0000000100218400 'java/lang/invoke/LambdaForm$MH+0x0000000100218400'
Event: 8.201 Thread 0x0000022fea441120 Unloading class 0x0000000100218000 'java/lang/invoke/LambdaForm$MH+0x0000000100218000'
Event: 8.201 Thread 0x0000022fea441120 Unloading class 0x0000000100217c00 'java/lang/invoke/LambdaForm$MH+0x0000000100217c00'
Event: 8.201 Thread 0x0000022fea441120 Unloading class 0x0000000100217400 'java/lang/invoke/LambdaForm$BMH+0x0000000100217400'
Event: 8.201 Thread 0x0000022fea441120 Unloading class 0x0000000100217000 'java/lang/invoke/LambdaForm$DMH+0x0000000100217000'
Event: 8.201 Thread 0x0000022fea441120 Unloading class 0x0000000100214400 'java/lang/invoke/LambdaForm$DMH+0x0000000100214400'

Classes redefined (0 events):
No events

Internal exceptions (20 events):
Event: 16.805 Thread 0x0000022fee31a990 Exception <a 'sun/nio/fs/WindowsException'{0x00000000eb94ef80}> (0x00000000eb94ef80) 
thrown [s\src\hotspot\share\prims\jni.cpp, line 516]
Event: 16.832 Thread 0x0000022fee31a990 Exception <a 'sun/nio/fs/WindowsException'{0x00000000eb9da2d8}> (0x00000000eb9da2d8) 
thrown [s\src\hotspot\share\prims\jni.cpp, line 516]
Event: 16.865 Thread 0x0000022fee31a990 Exception <a 'sun/nio/fs/WindowsException'{0x00000000eab19e08}> (0x00000000eab19e08) 
thrown [s\src\hotspot\share\prims\jni.cpp, line 516]
Event: 16.901 Thread 0x0000022fee31a990 Exception <a 'sun/nio/fs/WindowsException'{0x00000000eab23590}> (0x00000000eab23590) 
thrown [s\src\hotspot\share\prims\jni.cpp, line 516]
Event: 16.951 Thread 0x0000022fee31a990 Exception <a 'sun/nio/fs/WindowsException'{0x00000000eab2cad8}> (0x00000000eab2cad8) 
thrown [s\src\hotspot\share\prims\jni.cpp, line 516]
Event: 16.969 Thread 0x0000022fee31a990 Exception <a 'sun/nio/fs/WindowsException'{0x00000000eab3bea8}> (0x00000000eab3bea8) 
thrown [s\src\hotspot\share\prims\jni.cpp, line 516]
Event: 17.004 Thread 0x0000022fee31a990 Exception <a 'sun/nio/fs/WindowsException'{0x00000000eadea3b0}> (0x00000000eadea3b0) 
thrown [s\src\hotspot\share\prims\jni.cpp, line 516]
Event: 17.021 Thread 0x0000022fee31a990 Exception <a 'sun/nio/fs/WindowsException'{0x00000000eadf41e0}> (0x00000000eadf41e0) 
thrown [s\src\hotspot\share\prims\jni.cpp, line 516]
Event: 17.046 Thread 0x0000022fee31a990 Exception <a 'sun/nio/fs/WindowsException'{0x00000000eae02670}> (0x00000000eae02670) 
thrown [s\src\hotspot\share\prims\jni.cpp, line 516]
Event: 17.048 Thread 0x0000022fee31a990 Exception <a 'sun/nio/fs/WindowsException'{0x00000000eae02de8}> (0x00000000eae02de8) 
thrown [s\src\hotspot\share\prims\jni.cpp, line 516]
Event: 17.050 Thread 0x0000022fee31a990 Exception <a 'sun/nio/fs/WindowsException'{0x00000000eae035a0}> (0x00000000eae035a0) 
thrown [s\src\hotspot\share\prims\jni.cpp, line 516]
Event: 17.066 Thread 0x0000022fee31a990 Exception <a 'sun/nio/fs/WindowsException'{0x00000000eae07818}> (0x00000000eae07818) 
thrown [s\src\hotspot\share\prims\jni.cpp, line 516]
Event: 17.074 Thread 0x0000022fee31a990 Exception <a 'sun/nio/fs/WindowsException'{0x00000000eae0bf10}> (0x00000000eae0bf10) 
thrown [s\src\hotspot\share\prims\jni.cpp, line 516]
Event: 17.185 Thread 0x0000022fee31a990 Exception <a 'sun/nio/fs/WindowsException'{0x00000000eae10e30}> (0x00000000eae10e30) 
thrown [s\src\hotspot\share\prims\jni.cpp, line 516]
Event: 17.198 Thread 0x0000022fee31a990 Implicit null exception at 0x0000022fe10e2c61 to 0x0000022fe10e32d4
Event: 17.249 Thread 0x0000022fee31a990 Exception <a 'sun/nio/fs/WindowsException'{0x00000000eb594e78}> (0x00000000eb594e78) 
thrown [s\src\hotspot\share\prims\jni.cpp, line 516]
Event: 17.379 Thread 0x0000022fee31a990 Exception <a 'java/lang/NoSuchMethodError'{0x00000000eabfa7c0}: 'java.lang.Object java.lang.invoke.DirectMethodHandle$Holder.newInvokeSpecial(java.lang.Object, java.lang.Object, int, java.lang.Object, java.lang.Object)'> (0x00000000eabfa7c0) 
thrown [s\src\hotspot\share\interpreter\linkResolver.cpp, line 759]
Event: 17.379 Thread 0x0000022fee31a990 Exception <a 'java/lang/NoSuchMethodError'{0x00000000eabfea00}: 'java.lang.Object java.lang.invoke.DirectMethodHandle$Holder.invokeSpecial(java.lang.Object, java.lang.Object, java.lang.Object, int, java.lang.Object, java.lang.Object)'> (0x00000000eabfea00) 
thrown [s\src\hotspot\share\interpreter\linkResolver.cpp, line 759]
Event: 17.946 Thread 0x0000022fee31a990 Implicit null exception at 0x0000022fe0edc3f4 to 0x0000022fe0edc7ec
Event: 17.962 Thread 0x0000022fee31a990 Implicit null exception at 0x0000022fe0fd00ec to 0x0000022fe0fd0190

VM Operations (20 events):
Event: 16.212 Executing VM operation: HandshakeAllThreads
Event: 16.212 Executing VM operation: HandshakeAllThreads done
Event: 16.224 Executing VM operation: ParallelGCFailedAllocation
Event: 16.226 Executing VM operation: ParallelGCFailedAllocation done
Event: 16.568 Executing VM operation: ParallelGCFailedAllocation
Event: 16.570 Executing VM operation: ParallelGCFailedAllocation done
Event: 16.831 Executing VM operation: HandshakeAllThreads
Event: 16.831 Executing VM operation: HandshakeAllThreads done
Event: 16.833 Executing VM operation: HandshakeAllThreads
Event: 16.833 Executing VM operation: HandshakeAllThreads done
Event: 16.857 Executing VM operation: ParallelGCFailedAllocation
Event: 16.859 Executing VM operation: ParallelGCFailedAllocation done
Event: 17.268 Executing VM operation: CollectForMetadataAllocation
Event: 17.353 Executing VM operation: CollectForMetadataAllocation done
Event: 17.451 Executing VM operation: HandshakeAllThreads
Event: 17.451 Executing VM operation: HandshakeAllThreads done
Event: 17.777 Executing VM operation: ParallelGCFailedAllocation
Event: 17.779 Executing VM operation: ParallelGCFailedAllocation done
Event: 17.926 Executing VM operation: ParallelGCFailedAllocation
Event: 17.928 Executing VM operation: ParallelGCFailedAllocation done

Events (20 events):
Event: 16.692 loading class java/nio/file/Files$2
Event: 16.692 loading class java/nio/file/Files$2 done
Event: 16.697 Thread 0x0000022fee32e100 Thread exited: 0x0000022fee32e100
Event: 16.711 Thread 0x0000022ff05d4250 Thread added: 0x0000022ff05d4250
Event: 16.884 Thread 0x0000022ff46f2cc0 Thread added: 0x0000022ff46f2cc0
Event: 16.897 Thread 0x0000022ff05d4250 Thread exited: 0x0000022ff05d4250
Event: 17.190 Thread 0x0000022ff46f2cc0 Thread exited: 0x0000022ff46f2cc0
Event: 17.231 Thread 0x0000022ff05cfef0 Thread added: 0x0000022ff05cfef0
Event: 17.242 Thread 0x0000022ff05cfef0 Thread exited: 0x0000022ff05cfef0
Event: 17.356 loading class java/util/HashMap$ValueSpliterator
Event: 17.356 loading class java/util/HashMap$ValueSpliterator done
Event: 17.394 loading class java/util/Collections$2
Event: 17.394 loading class java/util/Collections$2 done
Event: 17.451 loading class java/text/DontCareFieldPosition
Event: 17.451 loading class java/text/DontCareFieldPosition done
Event: 17.451 loading class java/text/DontCareFieldPosition$1
Event: 17.451 loading class java/text/Format$FieldDelegate
Event: 17.451 loading class java/text/Format$FieldDelegate done
Event: 17.451 loading class java/text/DontCareFieldPosition$1 done
Event: 17.626 Thread 0x0000022ff027df30 Thread added: 0x0000022ff027df30


Dynamic libraries:
0x00007ff773620000 - 0x00007ff77362e000 	c:\Users\java\.vscode\extensions\redhat.java-1.10.0-win32-x64\jre\17.0.4-win32-x86_64\bin\java.exe
0x00007ff9a6490000 - 0x00007ff9a6688000 	C:\Windows\SYSTEM32\ntdll.dll
0x00007ff9a5700000 - 0x00007ff9a57bd000 	C:\Windows\System32\KERNEL32.DLL
0x00007ff9a3c00000 - 0x00007ff9a3ece000 	C:\Windows\System32\KERNELBASE.dll
0x00007ff9a42a0000 - 0x00007ff9a43a0000 	C:\Windows\System32\ucrtbase.dll
0x00007ff98fb20000 - 0x00007ff98fb38000 	c:\Users\java\.vscode\extensions\redhat.java-1.10.0-win32-x64\jre\17.0.4-win32-x86_64\bin\jli.dll
0x00007ff98f050000 - 0x00007ff98f069000 	c:\Users\java\.vscode\extensions\redhat.java-1.10.0-win32-x64\jre\17.0.4-win32-x86_64\bin\VCRUNTIME140.dll
0x00007ff9a44c0000 - 0x00007ff9a4660000 	C:\Windows\System32\USER32.dll
0x00007ff9a4270000 - 0x00007ff9a4292000 	C:\Windows\System32\win32u.dll
0x00007ff9a63f0000 - 0x00007ff9a641a000 	C:\Windows\System32\GDI32.dll
0x00007ff98e530000 - 0x00007ff98e7ca000 	C:\Windows\WinSxS\amd64_microsoft.windows.common-controls_6595b64144ccf1df_6.0.19041.1110_none_60b5254171f9507e\COMCTL32.dll
0x00007ff9a5bd0000 - 0x00007ff9a5c6e000 	C:\Windows\System32\msvcrt.dll
0x00007ff9a4160000 - 0x00007ff9a426b000 	C:\Windows\System32\gdi32full.dll
0x00007ff9a3ed0000 - 0x00007ff9a3f6d000 	C:\Windows\System32\msvcp_win.dll
0x00007ff9a5d40000 - 0x00007ff9a5d70000 	C:\Windows\System32\IMM32.DLL
0x00007ff99f890000 - 0x00007ff99f89c000 	c:\Users\java\.vscode\extensions\redhat.java-1.10.0-win32-x64\jre\17.0.4-win32-x86_64\bin\vcruntime140_1.dll
0x00007ff971720000 - 0x00007ff9717b1000 	c:\Users\java\.vscode\extensions\redhat.java-1.10.0-win32-x64\jre\17.0.4-win32-x86_64\bin\msvcp140.dll
0x00007ff946dd0000 - 0x00007ff947a16000 	c:\Users\java\.vscode\extensions\redhat.java-1.10.0-win32-x64\jre\17.0.4-win32-x86_64\bin\server\jvm.dll
0x00007ff9a4fe0000 - 0x00007ff9a508e000 	C:\Windows\System32\ADVAPI32.dll
0x00007ff9a6350000 - 0x00007ff9a63ec000 	C:\Windows\System32\sechost.dll
0x00007ff9a5210000 - 0x00007ff9a5335000 	C:\Windows\System32\RPCRT4.dll
0x00007ff9a47e0000 - 0x00007ff9a47e8000 	C:\Windows\System32\PSAPI.DLL
0x00007ff993ac0000 - 0x00007ff993ae7000 	C:\Windows\SYSTEM32\WINMM.dll
0x00007ff987070000 - 0x00007ff987079000 	C:\Windows\SYSTEM32\WSOCK32.dll
0x00007ff99d9b0000 - 0x00007ff99d9ba000 	C:\Windows\SYSTEM32\VERSION.dll
0x00007ff9a54e0000 - 0x00007ff9a554b000 	C:\Windows\System32\WS2_32.dll
0x00007ff9a1a90000 - 0x00007ff9a1aa2000 	C:\Windows\SYSTEM32\kernel.appcore.dll
0x00007ff99f820000 - 0x00007ff99f82a000 	c:\Users\java\.vscode\extensions\redhat.java-1.10.0-win32-x64\jre\17.0.4-win32-x86_64\bin\jimage.dll
0x00007ff98c480000 - 0x00007ff98c664000 	C:\Windows\SYSTEM32\DBGHELP.DLL
0x00007ff98bfe0000 - 0x00007ff98c00c000 	C:\Windows\SYSTEM32\dbgcore.DLL
0x00007ff9a40d0000 - 0x00007ff9a4152000 	C:\Windows\System32\bcryptPrimitives.dll
0x00007ff99f750000 - 0x00007ff99f75e000 	c:\Users\java\.vscode\extensions\redhat.java-1.10.0-win32-x64\jre\17.0.4-win32-x86_64\bin\instrument.dll
0x00007ff988cc0000 - 0x00007ff988ce5000 	c:\Users\java\.vscode\extensions\redhat.java-1.10.0-win32-x64\jre\17.0.4-win32-x86_64\bin\java.dll
0x00007ff98ef10000 - 0x00007ff98ef28000 	c:\Users\java\.vscode\extensions\redhat.java-1.10.0-win32-x64\jre\17.0.4-win32-x86_64\bin\zip.dll
0x00007ff9a4810000 - 0x00007ff9a4f53000 	C:\Windows\System32\SHELL32.dll
0x00007ff9a1c90000 - 0x00007ff9a2425000 	C:\Windows\SYSTEM32\windows.storage.dll
0x00007ff9a5870000 - 0x00007ff9a5bc4000 	C:\Windows\System32\combase.dll
0x00007ff9a35e0000 - 0x00007ff9a3610000 	C:\Windows\SYSTEM32\Wldp.dll
0x00007ff9a57c0000 - 0x00007ff9a586d000 	C:\Windows\System32\SHCORE.dll
0x00007ff9a5340000 - 0x00007ff9a5395000 	C:\Windows\System32\shlwapi.dll
0x00007ff9a3ac0000 - 0x00007ff9a3adf000 	C:\Windows\SYSTEM32\profapi.dll
0x00007ff988da0000 - 0x00007ff988db9000 	C:\Users\java\.vscode\extensions\redhat.java-1.10.0-win32-x64\jre\17.0.4-win32-x86_64\bin\net.dll
0x00007ff99c610000 - 0x00007ff99c71a000 	C:\Windows\SYSTEM32\WINHTTP.dll
0x00007ff9a3340000 - 0x00007ff9a33aa000 	C:\Windows\system32\mswsock.dll
0x00007ff983840000 - 0x00007ff983855000 	C:\Users\java\.vscode\extensions\redhat.java-1.10.0-win32-x64\jre\17.0.4-win32-x86_64\bin\nio.dll
0x00007ff991920000 - 0x00007ff991930000 	c:\Users\java\.vscode\extensions\redhat.java-1.10.0-win32-x64\jre\17.0.4-win32-x86_64\bin\verify.dll
0x00007ff97f940000 - 0x00007ff97f97e000 	C:\Users\java\AppData\Roaming\Code\User\globalStorage\redhat.java\1.10.0\config_win\org.eclipse.equinox.launcher\org.eclipse.equinox.launcher.win32.win32.x86_64_1.2.500.v20220509-0833\eclipse_11700.dll
0x00007ff9a53b0000 - 0x00007ff9a54da000 	C:\Windows\System32\ole32.dll
0x00007ff9a3530000 - 0x00007ff9a3548000 	C:\Windows\SYSTEM32\CRYPTSP.dll
0x00007ff9a2c50000 - 0x00007ff9a2c84000 	C:\Windows\system32\rsaenh.dll
0x00007ff9a3bd0000 - 0x00007ff9a3bf7000 	C:\Windows\System32\bcrypt.dll
0x00007ff9a3a80000 - 0x00007ff9a3aae000 	C:\Windows\SYSTEM32\USERENV.dll
0x00007ff9a3550000 - 0x00007ff9a355c000 	C:\Windows\SYSTEM32\CRYPTBASE.dll
0x00007ff9a2fe0000 - 0x00007ff9a301b000 	C:\Windows\SYSTEM32\IPHLPAPI.DLL
0x00007ff9a5200000 - 0x00007ff9a5208000 	C:\Windows\System32\NSI.dll
0x00007ff99f130000 - 0x00007ff99f147000 	C:\Windows\SYSTEM32\dhcpcsvc6.DLL
0x00007ff99f100000 - 0x00007ff99f11d000 	C:\Windows\SYSTEM32\dhcpcsvc.DLL
0x00007ff9a3030000 - 0x00007ff9a30fa000 	C:\Windows\SYSTEM32\DNSAPI.dll
0x00007ff94c9f0000 - 0x00007ff94ca34000 	C:\Users\java\AppData\Local\Temp\jna-3254818\jna4964521556896907994.dll

dbghelp: loaded successfully - version: 4.0.5 - missing functions: none
symbol engine: initialized successfully - sym options: 0x614 - pdb path: .;c:\Users\java\.vscode\extensions\redhat.java-1.10.0-win32-x64\jre\17.0.4-win32-x86_64\bin;C:\Windows\SYSTEM32;C:\Windows\WinSxS\amd64_microsoft.windows.common-controls_6595b64144ccf1df_6.0.19041.1110_none_60b5254171f9507e;c:\Users\java\.vscode\extensions\redhat.java-1.10.0-win32-x64\jre\17.0.4-win32-x86_64\bin\server;C:\Users\java\AppData\Roaming\Code\User\globalStorage\redhat.java\1.10.0\config_win\org.eclipse.equinox.launcher\org.eclipse.equinox.launcher.win32.win32.x86_64_1.2.500.v20220509-0833;C:\Users\java\AppData\Local\Temp\jna-3254818

VM Arguments:
jvm_args: --add-modules=ALL-SYSTEM --add-opens=java.base/java.util=ALL-UNNAMED --add-opens=java.base/java.lang=ALL-UNNAMED --add-opens=java.base/sun.nio.fs=ALL-UNNAMED -Declipse.application=org.eclipse.jdt.ls.core.id1 -Dosgi.bundles.defaultStartLevel=4 -Declipse.product=org.eclipse.jdt.ls.core.product -Djava.import.generatesMetadataFilesAtProjectRoot=false -Dfile.encoding=utf8 -DwatchParentProcess=false -XX:+UseParallelGC -XX:GCTimeRatio=4 -XX:AdaptiveSizePolicyWeight=90 -Dsun.zip.disableMemoryMapping=true -Xmx1G -Xms100m -Xlog:jni+resolve=off -javaagent:c:\Users\java\.vscode\extensions\redhat.java-1.10.0-win32-x64\lombok\lombok-1.18.24.jar -XX:+HeapDumpOnOutOfMemoryError -XX:HeapDumpPath=c:\Users\java\AppData\Roaming\Code\User\workspaceStorage\2207098bad4057a7e76ec357565946b0\redhat.java 
java_command: c:\Users\java\.vscode\extensions\redhat.java-1.10.0-win32-x64\server\plugins\org.eclipse.equinox.launcher_1.6.400.v20210924-0641.jar -configuration c:\Users\java\AppData\Roaming\Code\User\globalStorage\redhat.java\1.10.0\config_win -data c:\Users\java\AppData\Roaming\Code\User\workspaceStorage\2207098bad4057a7e76ec357565946b0\redhat.java\jdt_ws
java_class_path (initial): c:\Users\java\.vscode\extensions\redhat.java-1.10.0-win32-x64\server\plugins\org.eclipse.equinox.launcher_1.6.400.v20210924-0641.jar
Launcher Type: SUN_STANDARD

[Global flags]
    uintx AdaptiveSizePolicyWeight                 = 90                                        {product} {command line}
     intx CICompilerCount                          = 4                                         {product} {ergonomic}
    uintx GCTimeRatio                              = 4                                         {product} {command line}
     bool HeapDumpOnOutOfMemoryError               = true                                   {manageable} {command line}
    ccstr HeapDumpPath                             = c:\Users\java\AppData\Roaming\Code\User\workspaceStorage\2207098bad4057a7e76ec357565946b0\redhat.java         {manageable} {command line}
   size_t InitialHeapSize                          = 104857600                                 {product} {command line}
   size_t MaxHeapSize                              = 1073741824                                {product} {command line}
   size_t MaxNewSize                               = 357564416                                 {product} {ergonomic}
   size_t MinHeapDeltaBytes                        = 524288                                    {product} {ergonomic}
   size_t MinHeapSize                              = 104857600                                 {product} {command line}
   size_t NewSize                                  = 34603008                                  {product} {ergonomic}
    uintx NonNMethodCodeHeapSize                   = 5839372                                {pd product} {ergonomic}
    uintx NonProfiledCodeHeapSize                  = 122909434                              {pd product} {ergonomic}
   size_t OldSize                                  = 70254592                                  {product} {ergonomic}
    uintx ProfiledCodeHeapSize                     = 122909434                              {pd product} {ergonomic}
    uintx ReservedCodeCacheSize                    = 251658240                              {pd product} {ergonomic}
     bool SegmentedCodeCache                       = true                                      {product} {ergonomic}
   size_t SoftMaxHeapSize                          = 1073741824                             {manageable} {ergonomic}
     bool UseCompressedClassPointers               = true                           {product lp64_product} {ergonomic}
     bool UseCompressedOops                        = true                           {product lp64_product} {ergonomic}
     bool UseLargePagesIndividualAllocation        = false                                  {pd product} {ergonomic}
     bool UseParallelGC                            = true                                      {product} {command line}

Logging:
Log output configuration:
 #0: stdout all=warning,jni+resolve=off uptime,level,tags
 #1: stderr all=off uptime,level,tags

Environment Variables:
PATH=C:\Program Files\Common Files\Oracle\Java\javapath;C:\Program Files (x86)\Common Files\Oracle\Java\javapath;C:\Windows\system32;C:\Windows;C:\Windows\System32\Wbem;C:\Windows\System32\WindowsPowerShell\v1.0\;C:\Windows\System32\OpenSSH\;C:\Program Files (x86)\dotnet\;C:\Program Files (x86)\NVIDIA Corporation\PhysX\Common;C:\Program Files\Java\jdk-17.0.4.1\bin;C:\Users\java\AppData\Local\Microsoft\WindowsApps;C:\Users\java\AppData\Local\GitHubDesktop\bin;C:\Users\java\AppData\Local\Programs\Microsoft VS Code\bin
USERNAME=java
OS=Windows_NT
PROCESSOR_IDENTIFIER=Intel64 Family 6 Model 58 Stepping 9, GenuineIntel
TMP=C:\Users\java\AppData\Local\Temp
TEMP=C:\Users\java\AppData\Local\Temp



---------------  S Y S T E M  ---------------

OS:
 Windows 10 , 64 bit Build 19041 (10.0.19041.1889)
OS uptime: 0 days 2:47 hours

CPU: total 8 (initial active 8) (4 cores per cpu, 2 threads per core) family 6 model 58 stepping 9 microcode 0x21, cx8, cmov, fxsr, ht, mmx, sse, sse2, sse3, ssse3, sse4.1, sse4.2, popcnt, tsc, tscinvbit, avx, aes, erms, clmul, vzeroupper, clflush

Memory: 4k page, system-wide physical 16348M (10990M free)
TotalPageFile size 18780M (AvailPageFile size 10309M)
current process WorkingSet (physical memory assigned to process): 282M, peak: 283M
current process commit charge ("private bytes"): 338M, peak: 342M

vm_info: OpenJDK 64-Bit Server VM (17.0.4+8) for windows-amd64 JRE (17.0.4+8), built on Jul 19 2022 16:05:16 by "temurin" with MS VC++ 16.7 (VS2019)

END.
