#
# A fatal error has been detected by the Java Runtime Environment:
#
#  EXCEPTION_ACCESS_VIOLATION (0xc0000005) at pc=0x00007ff873ff84e4, pid=3760, tid=22292
#
# JRE version: OpenJDK Runtime Environment Temurin-17.0.4.1+1 (17.0.4.1+1) (build 17.0.4.1+1)
# Java VM: OpenJDK 64-Bit Server VM Temurin-17.0.4.1+1 (17.0.4.1+1, mixed mode, tiered, compressed oops, compressed class ptrs, parallel gc, windows-amd64)
# Problematic frame:
# V  [jvm.dll+0x6a84e4]
#
# No core dump will be written. Minidumps are not enabled by default on client versions of Windows
#
# If you would like to submit a bug report, please visit:
#   https://github.com/adoptium/adoptium-support/issues
#

---------------  S U M M A R Y ------------

Command Line: --add-modules=ALL-SYSTEM --add-opens=java.base/java.util=ALL-UNNAMED --add-opens=java.base/java.lang=ALL-UNNAMED --add-opens=java.base/sun.nio.fs=ALL-UNNAMED -Declipse.application=org.eclipse.jdt.ls.core.id1 -Dosgi.bundles.defaultStartLevel=4 -Declipse.product=org.eclipse.jdt.ls.core.product -Djava.import.generatesMetadataFilesAtProjectRoot=false -Dfile.encoding=utf8 -DwatchParentProcess=false -XX:+UseParallelGC -XX:GCTimeRatio=4 -XX:AdaptiveSizePolicyWeight=90 -Dsun.zip.disableMemoryMapping=true -Xmx1G -Xms100m -Xlog:disable -javaagent:c:\Users\java\.vscode\extensions\redhat.java-1.11.0-win32-x64\lombok\lombok-1.18.24.jar -XX:+HeapDumpOnOutOfMemoryError -XX:HeapDumpPath=c:\Users\java\AppData\Roaming\Code\User\workspaceStorage\a883d4d884019d21ee6c7f18c1e348f2\redhat.java c:\Users\java\.vscode\extensions\redhat.java-1.11.0-win32-x64\server\plugins\org.eclipse.equinox.launcher_1.6.400.v20210924-0641.jar -configuration c:\Users\java\AppData\Roaming\Code\User\globalStorage\redhat.java\1.11.0\config_win -data c:\Users\java\AppData\Roaming\Code\User\workspaceStorage\a883d4d884019d21ee6c7f18c1e348f2\redhat.java\jdt_ws

Host: Intel(R) Core(TM) i7-3770 CPU @ 3.40GHz, 8 cores, 15G,  Windows 10 , 64 bit Build 19041 (10.0.19041.1889)
Time: Thu Oct 13 00:42:18 2022 Hora oficial do Brasil elapsed time: 35.642381 seconds (0d 0h 0m 35s)

---------------  T H R E A D  ---------------

Current thread (0x000002111171c990):  GCTaskThread "GC Thread#3" [stack: 0x000000fdd1b00000,0x000000fdd1c00000] [id=22292]

Stack: [0x000000fdd1b00000,0x000000fdd1c00000],  sp=0x000000fdd1bff3d8,  free space=1020k
Native frames: (J=compiled Java code, j=interpreted, Vv=VM code, C=native code)
V  [jvm.dll+0x6a84e4]
C  0x00000000cd5ac2f0


siginfo: EXCEPTION_ACCESS_VIOLATION (0xc0000005), reading address 0x0000000000000150


Register to memory mapping:

RIP=0x00007ff873ff84e4 jvm.dll
RAX=0x0 is NULL
RBX=0x000000fdd1bff590 points into unknown readable memory: 0x00007ff8742fe848 | 48 e8 2f 74 f8 7f 00 00
RCX=0x000000fdd1bff440 points into unknown readable memory: 0x00007ff8742fe898 | 98 e8 2f 74 f8 7f 00 00
RDX=0x00000000cc1df968 is an oop: com.google.gson.internal.LinkedTreeMap$Node 
{0x00000000cc1df968} - klass: 'com/google/gson/internal/LinkedTreeMap$Node'
 - ---- fields (total size 6 words):
 - 'height' 'I' @12  1
 - 'parent' 'Lcom/google/gson/internal/LinkedTreeMap$Node;' @16  a 'com/google/gson/internal/LinkedTreeMap$Node'{0x00000000cc5330c8} (cc5330c8)
 - 'left' 'Lcom/google/gson/internal/LinkedTreeMap$Node;' @20  NULL (0)
 - 'right' 'Lcom/google/gson/internal/LinkedTreeMap$Node;' @24  NULL (0)
 - 'next' 'Lcom/google/gson/internal/LinkedTreeMap$Node;' @28  a 'com/google/gson/internal/LinkedTreeMap$Node'{0x00000000cc533068} (cc533068)
 - 'prev' 'Lcom/google/gson/internal/LinkedTreeMap$Node;' @32  a 'com/google/gson/internal/LinkedTreeMap$Node'{0x00000000cc5330c8} (cc5330c8)
 - final 'key' 'Ljava/lang/Object;' @36  "toString()~add(CharSequence)"{0x00000000cc533310} (cc533310)
 - 'value' 'Ljava/lang/Object;' @40  a 'java/lang/String'[][1] {0x00000000cc533358} (cc533358)
RSP=0x000000fdd1bff3d8 points into unknown readable memory: 0x00007ff873ff84cd | cd 84 ff 73 f8 7f 00 00
RBP=0x00000000018b0000 is an unknown value
RSI=0x00000000018a6618 is an unknown value
RDI=0x0000000000000006 is an unknown value
R8 =0x0000000000000030 is an unknown value
R9 =0x00007ff8744626a0 jvm.dll
R10=0x000000000000003e is an unknown value
R11=0x000002117f725450 points into unknown readable memory: 0x00000211786a0150 | 50 01 6a 78 11 02 00 00
R12=0x00000000cd5ac2f0 is an oop: org.eclipse.jdt.internal.core.util.SimpleWordSet 
{0x00000000cd5ac2f0} - klass: 'org/eclipse/jdt/internal/core/util/SimpleWordSet'
 - ---- fields (total size 3 words):
 - public 'elementSize' 'I' @12  1
 - public 'threshold' 'I' @16  1
 - public 'words' '[[C' @20  a {type array char}[2] {0x00000000cd5ac308} (cd5ac308)
R13=0x000000000000018a is an unknown value
R14=0x00007ff8744d2cc0 jvm.dll
R15=0x000000fdd1bff590 points into unknown readable memory: 0x00007ff8742fe848 | 48 e8 2f 74 f8 7f 00 00


Registers:
RAX=0x0000000000000000, RBX=0x000000fdd1bff590, RCX=0x000000fdd1bff440, RDX=0x00000000cc1df968
RSP=0x000000fdd1bff3d8, RBP=0x00000000018b0000, RSI=0x00000000018a6618, RDI=0x0000000000000006
R8 =0x0000000000000030, R9 =0x00007ff8744626a0, R10=0x000000000000003e, R11=0x000002117f725450
R12=0x00000000cd5ac2f0, R13=0x000000000000018a, R14=0x00007ff8744d2cc0, R15=0x000000fdd1bff590
RIP=0x00007ff873ff84e4, EFLAGS=0x0000000000010202

Top of Stack: (sp=0x000000fdd1bff3d8)
0x000000fdd1bff3d8:   00007ff873ff84cd 00000000cc1acbe0
0x000000fdd1bff3e8:   00007ff873ff8f9b 000002117f725450
0x000000fdd1bff3f8:   000002117a683d90 000000fdd1bff590
0x000000fdd1bff408:   00007ff8744d2cc0 00000000cd5ac2f0
0x000000fdd1bff418:   00007ff87400335f 000000fdd1bff590
0x000000fdd1bff428:   00000000018a6612 0000000000000006
0x000000fdd1bff438:   00000000018b0000 00007ff8742fe898
0x000000fdd1bff448:   0000000000000000 000002117f725450
0x000000fdd1bff458:   00000000cc4ffff8 00000000cc553420
0x000000fdd1bff468:   00007ff873ffeae2 000000fdd1bff590
0x000000fdd1bff478:   00000000cc500000 0000000000000003
0x000000fdd1bff488:   000002117f725450 00000000018b0000
0x000000fdd1bff498:   00007ff873fd142b 00000000018a6613
0x000000fdd1bff4a8:   000002117a683a70 000000fdd1bff640
0x000000fdd1bff4b8:   00007ff873ffeae2 00000000cc4d3110
0x000000fdd1bff4c8:   00000000cc4ffff8 000000000000018a 

Instructions: (pc=0x00007ff873ff84e4)
0x00007ff873ff83e4:   24 50 44 8b 41 10 45 33 c9 4c 89 74 24 28 4c 89
0x00007ff873ff83f4:   7c 24 20 4c 8b fa 48 8b d1 48 8b 8b 98 00 00 00
0x00007ff873ff8404:   e8 07 d0 b4 ff 4c 63 93 a0 00 00 00 4c 63 8b 24
0x00007ff873ff8414:   01 00 00 49 83 c2 39 8b 83 20 01 00 00 4d 03 d1
0x00007ff873ff8424:   49 03 c2 4a 8d 3c d3 4c 8d 34 c3 49 3b fe 73 41
0x00007ff873ff8434:   48 89 74 24 48 0f 1f 80 00 00 00 00 48 63 1f 8b
0x00007ff873ff8444:   47 04 49 03 df 48 8d 34 c3 48 3b de 73 15 48 8b
0x00007ff873ff8454:   4d 18 48 8b d3 e8 42 fa ff ff 48 83 c3 08 48 3b
0x00007ff873ff8464:   de 72 eb 48 83 c7 08 49 3b fe 72 d0 48 8b 74 24
0x00007ff873ff8474:   48 49 8b cf e8 23 87 ce ff 4c 8b 7c 24 20 4c 8b
0x00007ff873ff8484:   74 24 28 48 8b 7c 24 50 48 8b 5c 24 40 48 85 c0
0x00007ff873ff8494:   74 17 44 8b 45 10 45 33 c9 48 8b d5 48 8b c8 48
0x00007ff873ff84a4:   83 c4 30 5d e9 63 cf b4 ff 48 83 c4 30 5d c3 cc
0x00007ff873ff84b4:   cc cc cc cc cc cc cc cc cc cc cc cc 48 89 6c 24
0x00007ff873ff84c4:   20 41 54 41 56 41 57 48 83 ec 20 4d 63 90 a0 00
0x00007ff873ff84d4:   00 00 4c 8b e2 4d 63 88 24 01 00 00 49 83 c2 39
0x00007ff873ff84e4:   41 8b 80 20 01 00 00 4d 03 d1 49 03 c2 4c 8b f1
0x00007ff873ff84f4:   4b 8d 2c d0 4d 8d 3c c0 49 3b ef 0f 83 91 00 00
0x00007ff873ff8504:   00 48 89 5c 24 40 48 89 74 24 48 48 89 7c 24 50
0x00007ff873ff8514:   0f 1f 40 00 0f 1f 84 00 00 00 00 00 48 63 5d 00
0x00007ff873ff8524:   8b 45 04 49 03 dc 48 8d 34 83 48 3b de 73 4b 8b
0x00007ff873ff8534:   03 85 c0 74 3c 8b 0d a9 4d 45 00 8b f8 4d 8b 46
0x00007ff873ff8544:   10 48 d3 e7 48 8d 0d b1 a7 4d 00 48 03 3d 8a 4d
0x00007ff873ff8554:   45 00 48 8b d7 e8 42 4a 00 00 48 3b c7 74 12 48
0x00007ff873ff8564:   2b 05 76 4d 45 00 8b 0d 78 4d 45 00 48 d3 e8 89
0x00007ff873ff8574:   03 48 83 c3 04 48 3b de 72 b5 48 83 c5 08 49 3b
0x00007ff873ff8584:   ef 72 99 48 8b 7c 24 50 48 8b 74 24 48 48 8b 5c
0x00007ff873ff8594:   24 40 48 8b 6c 24 58 48 83 c4 20 41 5f 41 5e 41
0x00007ff873ff85a4:   5c c3 cc cc cc cc cc cc cc cc cc cc 40 55 48 83
0x00007ff873ff85b4:   ec 30 48 89 5c 24 40 48 8b e9 49 8b d8 48 89 7c
0x00007ff873ff85c4:   24 50 44 8b 41 10 45 33 c9 4c 89 74 24 28 4c 89
0x00007ff873ff85d4:   7c 24 20 4c 8b fa 48 8b d1 48 8b 8b 98 00 00 00 


Stack slot to memory mapping:
stack at sp + 0 slots: 0x00007ff873ff84cd jvm.dll
stack at sp + 1 slots: 0x00000000cc1acbe0 is pointing into object: java.lang.String 
{0x00000000cc1acbd8} - klass: 'java/lang/String'
 - string: "addAll(Collection<? extends String>)"
stack at sp + 2 slots: 0x00007ff873ff8f9b jvm.dll
stack at sp + 3 slots: 0x000002117f725450 points into unknown readable memory: 0x00000211786a0150 | 50 01 6a 78 11 02 00 00
stack at sp + 4 slots: 0x000002117a683d90 points into unknown readable memory: 0x00000000cc1acbe0 | e0 cb 1a cc 00 00 00 00
stack at sp + 5 slots: 0x000000fdd1bff590 points into unknown readable memory: 0x00007ff8742fe848 | 48 e8 2f 74 f8 7f 00 00
stack at sp + 6 slots: 0x00007ff8744d2cc0 jvm.dll
stack at sp + 7 slots: 0x00000000cd5ac2f0 is an oop: org.eclipse.jdt.internal.core.util.SimpleWordSet 
{0x00000000cd5ac2f0} - klass: 'org/eclipse/jdt/internal/core/util/SimpleWordSet'
 - ---- fields (total size 3 words):
 - public 'elementSize' 'I' @12  1
 - public 'threshold' 'I' @16  1
 - public 'words' '[[C' @20  a {type array char}[2] {0x00000000cd5ac308} (cd5ac308)


---------------  P R O C E S S  ---------------

Threads class SMR info:
_java_thread_list=0x000002111531e600, length=40, elements={
0x000002117a920e40, 0x000002117f7b3df0, 0x000002117f7b69b0, 0x00000211114e6270,
0x00000211114e8d30, 0x00000211114e96e0, 0x00000211114ea090, 0x00000211114ead70,
0x00000211114ee780, 0x000002117f7bb380, 0x0000021111641290, 0x00000211117d1490,
0x0000021112e02520, 0x0000021112ecd500, 0x000002111314a590, 0x0000021112f3fda0,
0x00000211133c8e60, 0x00000211135010f0, 0x0000021112f711e0, 0x0000021112f73390,
0x0000021112f72ec0, 0x0000021112f70840, 0x0000021112f72520, 0x0000021112f70d10,
0x0000021115347780, 0x0000021115348ac0, 0x0000021115346de0, 0x0000021112f71b80,
0x0000021112f72050, 0x00000211178329e0, 0x0000021117830360, 0x00000211178018d0,
0x00000211178346c0, 0x0000021117837210, 0x0000021115346440, 0x0000021115349460,
0x0000021112f716b0, 0x00000211261f64f0, 0x0000021112c09080, 0x00000211261f86a0
}

Java Threads: ( => current thread )
  0x000002117a920e40 JavaThread "main" [_thread_blocked, id=17560, stack(0x000000fdd0a00000,0x000000fdd0b00000)]
  0x000002117f7b3df0 JavaThread "Reference Handler" daemon [_thread_blocked, id=15708, stack(0x000000fdd0d00000,0x000000fdd0e00000)]
  0x000002117f7b69b0 JavaThread "Finalizer" daemon [_thread_blocked, id=5240, stack(0x000000fdd0e00000,0x000000fdd0f00000)]
  0x00000211114e6270 JavaThread "Signal Dispatcher" daemon [_thread_blocked, id=14036, stack(0x000000fdd0f00000,0x000000fdd1000000)]
  0x00000211114e8d30 JavaThread "Attach Listener" daemon [_thread_blocked, id=15704, stack(0x000000fdd1000000,0x000000fdd1100000)]
  0x00000211114e96e0 JavaThread "Service Thread" daemon [_thread_blocked, id=22520, stack(0x000000fdd1100000,0x000000fdd1200000)]
  0x00000211114ea090 JavaThread "Monitor Deflation Thread" daemon [_thread_blocked, id=20872, stack(0x000000fdd1200000,0x000000fdd1300000)]
  0x00000211114ead70 JavaThread "C2 CompilerThread0" daemon [_thread_blocked, id=20224, stack(0x000000fdd1300000,0x000000fdd1400000)]
  0x00000211114ee780 JavaThread "C1 CompilerThread0" daemon [_thread_blocked, id=10436, stack(0x000000fdd1400000,0x000000fdd1500000)]
  0x000002117f7bb380 JavaThread "Sweeper thread" daemon [_thread_blocked, id=9428, stack(0x000000fdd1500000,0x000000fdd1600000)]
  0x0000021111641290 JavaThread "Common-Cleaner" daemon [_thread_blocked, id=20400, stack(0x000000fdd1600000,0x000000fdd1700000)]
  0x00000211117d1490 JavaThread "Notification Thread" daemon [_thread_blocked, id=6420, stack(0x000000fdd1800000,0x000000fdd1900000)]
  0x0000021112e02520 JavaThread "Active Thread: Equinox Container: 8df73b0f-ac69-4dbe-a5fc-587181de52d1" [_thread_blocked, id=8324, stack(0x000000fdd1f00000,0x000000fdd2000000)]
  0x0000021112ecd500 JavaThread "Framework Event Dispatcher: Equinox Container: 8df73b0f-ac69-4dbe-a5fc-587181de52d1" daemon [_thread_blocked, id=15548, stack(0x000000fdd2100000,0x000000fdd2200000)]
  0x000002111314a590 JavaThread "Start Level: Equinox Container: 8df73b0f-ac69-4dbe-a5fc-587181de52d1" daemon [_thread_blocked, id=11004, stack(0x000000fdd2200000,0x000000fdd2300000)]
  0x0000021112f3fda0 JavaThread "SCR Component Actor" daemon [_thread_blocked, id=17748, stack(0x000000fdd2300000,0x000000fdd2400000)]
  0x00000211133c8e60 JavaThread "Bundle File Closer" daemon [_thread_blocked, id=18560, stack(0x000000fdd2000000,0x000000fdd2100000)]
  0x00000211135010f0 JavaThread "Worker-JM" [_thread_blocked, id=23128, stack(0x000000fdd2700000,0x000000fdd2800000)]
  0x0000021112f711e0 JavaThread "Worker-0: Java indexing... " [_thread_blocked, id=8176, stack(0x000000fdd2900000,0x000000fdd2a00000)]
  0x0000021112f73390 JavaThread "Worker-1: Send Classpath Notifications" [_thread_blocked, id=17884, stack(0x000000fdd2a00000,0x000000fdd2b00000)]
  0x0000021112f72ec0 JavaThread "Worker-2" [_thread_blocked, id=6668, stack(0x000000fdd2b00000,0x000000fdd2c00000)]
  0x0000021112f70840 JavaThread "Java indexing" daemon [_thread_blocked, id=21900, stack(0x000000fdd2c00000,0x000000fdd2d00000)]
  0x0000021112f72520 JavaThread "Worker-3" [_thread_blocked, id=12444, stack(0x000000fdd2e00000,0x000000fdd2f00000)]
  0x0000021112f70d10 JavaThread "pool-1-thread-1" [_thread_blocked, id=14696, stack(0x000000fdd3000000,0x000000fdd3100000)]
  0x0000021115347780 JavaThread "Worker-4: Initialize workspace" [_thread_blocked, id=15224, stack(0x000000fdd3100000,0x000000fdd3200000)]
  0x0000021115348ac0 JavaThread "Worker-5" [_thread_blocked, id=20640, stack(0x000000fdd3200000,0x000000fdd3300000)]
  0x0000021115346de0 JavaThread "Worker-6" [_thread_blocked, id=14360, stack(0x000000fdd3300000,0x000000fdd3400000)]
  0x0000021112f71b80 JavaThread "ForkJoinPool.commonPool-worker-1" daemon [_thread_blocked, id=7856, stack(0x000000fdd2600000,0x000000fdd2700000)]
  0x0000021112f72050 JavaThread "ForkJoinPool.commonPool-worker-2" daemon [_thread_blocked, id=1544, stack(0x000000fdd3400000,0x000000fdd3500000)]
  0x00000211178329e0 JavaThread "ForkJoinPool.commonPool-worker-3" daemon [_thread_blocked, id=14932, stack(0x000000fdd3500000,0x000000fdd3600000)]
  0x0000021117830360 JavaThread "ForkJoinPool.commonPool-worker-4" daemon [_thread_blocked, id=3316, stack(0x000000fdd3600000,0x000000fdd3700000)]
  0x00000211178018d0 JavaThread "C2 CompilerThread1" daemon [_thread_blocked, id=8372, stack(0x000000fdd2f00000,0x000000fdd3000000)]
  0x00000211178346c0 JavaThread "Worker-7" [_thread_blocked, id=17808, stack(0x000000fdd3700000,0x000000fdd3800000)]
  0x0000021117837210 JavaThread "Worker-8" [_thread_blocked, id=20280, stack(0x000000fdd1e00000,0x000000fdd1f00000)]
  0x0000021115346440 JavaThread "SCR Component Registry" daemon [_thread_blocked, id=13500, stack(0x000000fdd3800000,0x000000fdd3900000)]
  0x0000021115349460 JavaThread "ForkJoinPool.commonPool-worker-5" daemon [_thread_blocked, id=1756, stack(0x000000fdd3900000,0x000000fdd3a00000)]
  0x0000021112f716b0 JavaThread "Thread-3" daemon [_thread_blocked, id=11936, stack(0x000000fdd3a00000,0x000000fdd3b00000)]
  0x00000211261f64f0 JavaThread "ForkJoinPool.commonPool-worker-6" daemon [_thread_blocked, id=17940, stack(0x000000fdd3b00000,0x000000fdd3c00000)]
  0x0000021112c09080 JavaThread "C2 CompilerThread2" daemon [_thread_blocked, id=3164, stack(0x000000fdd0700000,0x000000fdd0800000)]
  0x00000211261f86a0 JavaThread "ForkJoinPool.commonPool-worker-7" daemon [_thread_blocked, id=18604, stack(0x000000fdd3c00000,0x000000fdd3d00000)]

Other Threads:
  0x000002117f7adee0 VMThread "VM Thread" [stack: 0x000000fdd0c00000,0x000000fdd0d00000] [id=17572]
  0x0000021111756e60 WatcherThread [stack: 0x000000fdd1900000,0x000000fdd1a00000] [id=11476]
  0x000002117a9357c0 GCTaskThread "GC Thread#0" [stack: 0x000000fdd0b00000,0x000000fdd0c00000] [id=7388]
  0x0000021112de6880 GCTaskThread "GC Thread#1" [stack: 0x000000fdd1700000,0x000000fdd1800000] [id=19800]
  0x00000211121a8630 GCTaskThread "GC Thread#2" [stack: 0x000000fdd1a00000,0x000000fdd1b00000] [id=16856]
=>0x000002111171c990 GCTaskThread "GC Thread#3" [stack: 0x000000fdd1b00000,0x000000fdd1c00000] [id=22292]
  0x0000021112ca7300 GCTaskThread "GC Thread#4" [stack: 0x000000fdd1c00000,0x000000fdd1d00000] [id=22588]
  0x0000021112ca75b0 GCTaskThread "GC Thread#5" [stack: 0x000000fdd1d00000,0x000000fdd1e00000] [id=17296]
  0x0000021112e5b8d0 GCTaskThread "GC Thread#6" [stack: 0x000000fdd2400000,0x000000fdd2500000] [id=22548]
  0x0000021112e56340 GCTaskThread "GC Thread#7" [stack: 0x000000fdd2500000,0x000000fdd2600000] [id=2648]

Threads with active compile tasks:

VM state: at safepoint (normal execution)

VM Mutex/Monitor currently owned by a thread:  ([mutex/lock_event])
[0x000002117a91aff0] Threads_lock - owner thread: 0x000002117f7adee0
[0x000002117a91b1a0] Heap_lock - owner thread: 0x0000021112f716b0

Heap address: 0x00000000c0000000, size: 1024 MB, Compressed Oops mode: 32-bit

CDS archive(s) not mapped
Compressed class space mapped at: 0x0000000100000000-0x0000000140000000, reserved size: 1073741824
Narrow klass base: 0x0000000000000000, Narrow klass shift: 3, Narrow klass range: 0x140000000

GC Precious Log:
 CPUs: 8 total, 8 available
 Memory: 16348M
 Large Page Support: Disabled
 NUMA Support: Disabled
 Compressed Oops: Enabled (32-bit)
 Alignments: Space 512K, Generation 512K, Heap 2M
 Heap Min Capacity: 100M
 Heap Initial Capacity: 100M
 Heap Max Capacity: 1G
 Pre-touch: Disabled
 Parallel Workers: 8

Heap:
 PSYoungGen      total 6656K, used 2048K [0x00000000eab00000, 0x00000000eb500000, 0x0000000100000000)
  eden space 4608K, 0% used [0x00000000eab00000,0x00000000eab00000,0x00000000eaf80000)
  from space 2048K, 100% used [0x00000000eaf80000,0x00000000eb180000,0x00000000eb180000)
  to   space 2560K, 0% used [0x00000000eb280000,0x00000000eb280000,0x00000000eb500000)
 ParOldGen       total 220160K, used 218800K [0x00000000c0000000, 0x00000000cd700000, 0x00000000eab00000)
  object space 220160K, 99% used [0x00000000c0000000,0x00000000cd5ac2f0,0x00000000cd700000)
 Metaspace       used 67950K, committed 69184K, reserved 1114112K
  class space    used 6923K, committed 7488K, reserved 1048576K

Card table byte_map: [0x000002117a310000,0x000002117a520000] _byte_map_base: 0x0000021179d10000

Marking Bits: (ParMarkBitMap*) 0x00007ff8744d2cc0
 Begin Bits: [0x000002117d5c0000, 0x000002117e5c0000)
 End Bits:   [0x000002117e5c0000, 0x000002117f5c0000)

Polling page: 0x000002117a100000

Metaspace:

Usage:
  Non-class:     59.60 MB used.
      Class:      6.76 MB used.
       Both:     66.36 MB used.

Virtual space:
  Non-class space:       64.00 MB reserved,      60.25 MB ( 94%) committed,  8 nodes.
      Class space:        1.00 GB reserved,       7.31 MB ( <1%) committed,  1 nodes.
             Both:        1.06 GB reserved,      67.56 MB (  6%) committed. 

Chunk freelists:
   Non-Class:  3.72 MB
       Class:  708.00 KB
        Both:  4.41 MB

MaxMetaspaceSize: unlimited
CompressedClassSpaceSize: 1.00 GB
Initial GC threshold: 21.00 MB
Current GC threshold: 109.62 MB
CDS: off
MetaspaceReclaimPolicy: balanced
 - commit_granule_bytes: 65536.
 - commit_granule_words: 8192.
 - virtual_space_node_default_size: 1048576.
 - enlarge_chunks_in_place: 1.
 - new_chunks_are_fully_committed: 0.
 - uncommit_free_chunks: 1.
 - use_allocation_guard: 0.
 - handle_deallocations: 1.


Internal statistics:

num_allocs_failed_limit: 6.
num_arena_births: 786.
num_arena_deaths: 14.
num_vsnodes_births: 9.
num_vsnodes_deaths: 0.
num_space_committed: 1081.
num_space_uncommitted: 0.
num_chunks_returned_to_freelist: 20.
num_chunks_taken_from_freelist: 3575.
num_chunk_merges: 10.
num_chunk_splits: 2237.
num_chunks_enlarged: 1283.
num_purges: 2.
num_inconsistent_stats: 0.

CodeHeap 'non-profiled nmethods': size=120000Kb used=9521Kb max_used=9720Kb free=110478Kb
 bounds [0x0000021107ad0000, 0x0000021108450000, 0x000002110f000000]
CodeHeap 'profiled nmethods': size=120000Kb used=21536Kb max_used=23126Kb free=98463Kb
 bounds [0x00000211005a0000, 0x0000021101c40000, 0x0000021107ad0000]
CodeHeap 'non-nmethods': size=5760Kb used=1357Kb max_used=1433Kb free=4402Kb
 bounds [0x0000021100000000, 0x0000021100270000, 0x00000211005a0000]
 total_blobs=11060 nmethods=10366 adapters=606
 compilation: enabled
              stopped_count=0, restarted_count=0
 full_count=0

Compilation events (20 events):
Event: 35.465 Thread 0x00000211114ee780 13172       3       java.lang.invoke.DelegatingMethodHandle::rebind (8 bytes)
Event: 35.465 Thread 0x00000211114ee780 nmethod 13172 0x0000021100b71610 code [0x0000021100b717c0, 0x0000021100b71a38]
Event: 35.465 Thread 0x00000211114ee780 13173       3       org.eclipse.jdt.internal.core.SourceRefElement::equals (35 bytes)
Event: 35.465 Thread 0x00000211114ee780 nmethod 13173 0x0000021100682710 code [0x00000211006828e0, 0x0000021100682d08]
Event: 35.468 Thread 0x00000211114ee780 13178       3       org.eclipse.sisu.inject.MildValues::put (37 bytes)
Event: 35.468 Thread 0x00000211114ee780 nmethod 13178 0x0000021101732090 code [0x0000021101732280, 0x0000021101732798]
Event: 35.469 Thread 0x00000211114ee780 13179       3       org.eclipse.sisu.inject.MildValues::mildValue (37 bytes)
Event: 35.469 Thread 0x00000211114ee780 nmethod 13179 0x0000021101579390 code [0x0000021101579580, 0x0000021101579aa8]
Event: 35.469 Thread 0x00000211114ee780 13180       3       org.eclipse.sisu.inject.MildValues$Weak::<init> (12 bytes)
Event: 35.469 Thread 0x00000211114ee780 nmethod 13180 0x00000211007a9410 code [0x00000211007a95e0, 0x00000211007a9a08]
Event: 35.471 Thread 0x00000211114ee780 13181       3       org.eclipse.jdt.core.dom.ASTVisitor::preVisit2 (7 bytes)
Event: 35.471 Thread 0x00000211114ee780 nmethod 13181 0x00000211011b7e90 code [0x00000211011b8020, 0x00000211011b81f8]
Event: 35.471 Thread 0x00000211114ee780 13182       3       org.eclipse.jdt.core.dom.ASTVisitor::preVisit (1 bytes)
Event: 35.471 Thread 0x00000211114ee780 nmethod 13182 0x00000211013bde10 code [0x00000211013bdfa0, 0x00000211013be0b8]
Event: 35.472 Thread 0x00000211114ead70 13183       4       java.lang.Class::searchFields (43 bytes)
Event: 35.472 Thread 0x00000211114ee780 13184       3       java.lang.Class::getField (50 bytes)
Event: 35.475 Thread 0x00000211114ee780 nmethod 13184 0x0000021101710490 code [0x0000021101710740, 0x0000021101711298]
Event: 35.475 Thread 0x00000211114ee780 13185       3       java.lang.Class::getInterfaces (49 bytes)
Event: 35.476 Thread 0x00000211114ee780 nmethod 13185 0x0000021100e1fd90 code [0x0000021100e1ff80, 0x0000021100e20418]
Event: 35.481 Thread 0x00000211114ead70 nmethod 13183 0x0000021108345c10 code [0x0000021108345d80, 0x00000211083461b8]

GC Heap History (20 events):
Event: 35.310 GC heap after
{Heap after GC invocations=810 (full 21):
 PSYoungGen      total 5120K, used 1568K [0x00000000eab00000, 0x00000000eb300000, 0x0000000100000000)
  eden space 3072K, 0% used [0x00000000eab00000,0x00000000eab00000,0x00000000eae00000)
  from space 2048K, 76% used [0x00000000eb100000,0x00000000eb288000,0x00000000eb300000)
  to   space 2048K, 0% used [0x00000000eaf00000,0x00000000eaf00000,0x00000000eb100000)
 ParOldGen       total 220160K, used 201326K [0x00000000c0000000, 0x00000000cd700000, 0x00000000eab00000)
  object space 220160K, 91% used [0x00000000c0000000,0x00000000cc49b9d8,0x00000000cd700000)
 Metaspace       used 66890K, committed 68160K, reserved 1114112K
  class space    used 6829K, committed 7424K, reserved 1048576K
}
Event: 35.324 GC heap before
{Heap before GC invocations=811 (full 21):
 PSYoungGen      total 5120K, used 4640K [0x00000000eab00000, 0x00000000eb300000, 0x0000000100000000)
  eden space 3072K, 100% used [0x00000000eab00000,0x00000000eae00000,0x00000000eae00000)
  from space 2048K, 76% used [0x00000000eb100000,0x00000000eb288000,0x00000000eb300000)
  to   space 2048K, 0% used [0x00000000eaf00000,0x00000000eaf00000,0x00000000eb100000)
 ParOldGen       total 220160K, used 201326K [0x00000000c0000000, 0x00000000cd700000, 0x00000000eab00000)
  object space 220160K, 91% used [0x00000000c0000000,0x00000000cc49b9d8,0x00000000cd700000)
 Metaspace       used 66949K, committed 68224K, reserved 1114112K
  class space    used 6832K, committed 7424K, reserved 1048576K
}
Event: 35.326 GC heap after
{Heap after GC invocations=811 (full 21):
 PSYoungGen      total 6144K, used 2016K [0x00000000eab00000, 0x00000000eb400000, 0x0000000100000000)
  eden space 4096K, 0% used [0x00000000eab00000,0x00000000eab00000,0x00000000eaf00000)
  from space 2048K, 98% used [0x00000000eaf00000,0x00000000eb0f8000,0x00000000eb100000)
  to   space 2560K, 0% used [0x00000000eb180000,0x00000000eb180000,0x00000000eb400000)
 ParOldGen       total 220160K, used 202758K [0x00000000c0000000, 0x00000000cd700000, 0x00000000eab00000)
  object space 220160K, 92% used [0x00000000c0000000,0x00000000cc6019d8,0x00000000cd700000)
 Metaspace       used 66949K, committed 68224K, reserved 1114112K
  class space    used 6832K, committed 7424K, reserved 1048576K
}
Event: 35.359 GC heap before
{Heap before GC invocations=812 (full 21):
 PSYoungGen      total 6144K, used 6106K [0x00000000eab00000, 0x00000000eb400000, 0x0000000100000000)
  eden space 4096K, 99% used [0x00000000eab00000,0x00000000eaefe8c0,0x00000000eaf00000)
  from space 2048K, 98% used [0x00000000eaf00000,0x00000000eb0f8000,0x00000000eb100000)
  to   space 2560K, 0% used [0x00000000eb180000,0x00000000eb180000,0x00000000eb400000)
 ParOldGen       total 220160K, used 202758K [0x00000000c0000000, 0x00000000cd700000, 0x00000000eab00000)
  object space 220160K, 92% used [0x00000000c0000000,0x00000000cc6019d8,0x00000000cd700000)
 Metaspace       used 67099K, committed 68352K, reserved 1114112K
  class space    used 6841K, committed 7424K, reserved 1048576K
}
Event: 35.362 GC heap after
{Heap after GC invocations=812 (full 21):
 PSYoungGen      total 6656K, used 2368K [0x00000000eab00000, 0x00000000eb500000, 0x0000000100000000)
  eden space 4096K, 0% used [0x00000000eab00000,0x00000000eab00000,0x00000000eaf00000)
  from space 2560K, 92% used [0x00000000eb180000,0x00000000eb3d0000,0x00000000eb400000)
  to   space 2560K, 0% used [0x00000000eaf00000,0x00000000eaf00000,0x00000000eb180000)
 ParOldGen       total 220160K, used 204662K [0x00000000c0000000, 0x00000000cd700000, 0x00000000eab00000)
  object space 220160K, 92% used [0x00000000c0000000,0x00000000cc7dd9d8,0x00000000cd700000)
 Metaspace       used 67099K, committed 68352K, reserved 1114112K
  class space    used 6841K, committed 7424K, reserved 1048576K
}
Event: 35.374 GC heap before
{Heap before GC invocations=813 (full 21):
 PSYoungGen      total 6656K, used 6464K [0x00000000eab00000, 0x00000000eb500000, 0x0000000100000000)
  eden space 4096K, 100% used [0x00000000eab00000,0x00000000eaf00000,0x00000000eaf00000)
  from space 2560K, 92% used [0x00000000eb180000,0x00000000eb3d0000,0x00000000eb400000)
  to   space 2560K, 0% used [0x00000000eaf00000,0x00000000eaf00000,0x00000000eb180000)
 ParOldGen       total 220160K, used 204662K [0x00000000c0000000, 0x00000000cd700000, 0x00000000eab00000)
  object space 220160K, 92% used [0x00000000c0000000,0x00000000cc7dd9d8,0x00000000cd700000)
 Metaspace       used 67151K, committed 68416K, reserved 1114112K
  class space    used 6843K, committed 7424K, reserved 1048576K
}
Event: 35.377 GC heap after
{Heap after GC invocations=813 (full 21):
 PSYoungGen      total 6656K, used 2542K [0x00000000eab00000, 0x00000000ebb00000, 0x0000000100000000)
  eden space 4096K, 0% used [0x00000000eab00000,0x00000000eab00000,0x00000000eaf00000)
  from space 2560K, 99% used [0x00000000eaf00000,0x00000000eb17bb28,0x00000000eb180000)
  to   space 5632K, 0% used [0x00000000eb580000,0x00000000eb580000,0x00000000ebb00000)
 ParOldGen       total 220160K, used 206990K [0x00000000c0000000, 0x00000000cd700000, 0x00000000eab00000)
  object space 220160K, 94% used [0x00000000c0000000,0x00000000cca239d8,0x00000000cd700000)
 Metaspace       used 67151K, committed 68416K, reserved 1114112K
  class space    used 6843K, committed 7424K, reserved 1048576K
}
Event: 35.392 GC heap before
{Heap before GC invocations=814 (full 21):
 PSYoungGen      total 6656K, used 6622K [0x00000000eab00000, 0x00000000ebb00000, 0x0000000100000000)
  eden space 4096K, 99% used [0x00000000eab00000,0x00000000eaefbe60,0x00000000eaf00000)
  from space 2560K, 99% used [0x00000000eaf00000,0x00000000eb17bb28,0x00000000eb180000)
  to   space 5632K, 0% used [0x00000000eb580000,0x00000000eb580000,0x00000000ebb00000)
 ParOldGen       total 220160K, used 206990K [0x00000000c0000000, 0x00000000cd700000, 0x00000000eab00000)
  object space 220160K, 94% used [0x00000000c0000000,0x00000000cca239d8,0x00000000cd700000)
 Metaspace       used 67274K, committed 68544K, reserved 1114112K
  class space    used 6855K, committed 7488K, reserved 1048576K
}
Event: 35.395 GC heap after
{Heap after GC invocations=814 (full 21):
 PSYoungGen      total 7680K, used 2229K [0x00000000eab00000, 0x00000000eb800000, 0x0000000100000000)
  eden space 5120K, 0% used [0x00000000eab00000,0x00000000eab00000,0x00000000eb000000)
  from space 2560K, 87% used [0x00000000eb580000,0x00000000eb7ad4a8,0x00000000eb800000)
  to   space 3584K, 0% used [0x00000000eb100000,0x00000000eb100000,0x00000000eb480000)
 ParOldGen       total 220160K, used 209385K [0x00000000c0000000, 0x00000000cd700000, 0x00000000eab00000)
  object space 220160K, 95% used [0x00000000c0000000,0x00000000ccc7a7a0,0x00000000cd700000)
 Metaspace       used 67274K, committed 68544K, reserved 1114112K
  class space    used 6855K, committed 7488K, reserved 1048576K
}
Event: 35.431 GC heap before
{Heap before GC invocations=815 (full 21):
 PSYoungGen      total 7680K, used 7349K [0x00000000eab00000, 0x00000000eb800000, 0x0000000100000000)
  eden space 5120K, 100% used [0x00000000eab00000,0x00000000eb000000,0x00000000eb000000)
  from space 2560K, 87% used [0x00000000eb580000,0x00000000eb7ad4a8,0x00000000eb800000)
  to   space 3584K, 0% used [0x00000000eb100000,0x00000000eb100000,0x00000000eb480000)
 ParOldGen       total 220160K, used 209385K [0x00000000c0000000, 0x00000000cd700000, 0x00000000eab00000)
  object space 220160K, 95% used [0x00000000c0000000,0x00000000ccc7a7a0,0x00000000cd700000)
 Metaspace       used 67710K, committed 68992K, reserved 1114112K
  class space    used 6890K, committed 7488K, reserved 1048576K
}
Event: 35.434 GC heap after
{Heap after GC invocations=815 (full 21):
 PSYoungGen      total 8704K, used 2280K [0x00000000eab00000, 0x00000000eb600000, 0x0000000100000000)
  eden space 6144K, 0% used [0x00000000eab00000,0x00000000eab00000,0x00000000eb100000)
  from space 2560K, 89% used [0x00000000eb100000,0x00000000eb33a240,0x00000000eb380000)
  to   space 2560K, 0% used [0x00000000eb380000,0x00000000eb380000,0x00000000eb600000)
 ParOldGen       total 220160K, used 211479K [0x00000000c0000000, 0x00000000cd700000, 0x00000000eab00000)
  object space 220160K, 96% used [0x00000000c0000000,0x00000000cce85f08,0x00000000cd700000)
 Metaspace       used 67710K, committed 68992K, reserved 1114112K
  class space    used 6890K, committed 7488K, reserved 1048576K
}
Event: 35.450 GC heap before
{Heap before GC invocations=816 (full 21):
 PSYoungGen      total 8704K, used 8424K [0x00000000eab00000, 0x00000000eb600000, 0x0000000100000000)
  eden space 6144K, 100% used [0x00000000eab00000,0x00000000eb100000,0x00000000eb100000)
  from space 2560K, 89% used [0x00000000eb100000,0x00000000eb33a240,0x00000000eb380000)
  to   space 2560K, 0% used [0x00000000eb380000,0x00000000eb380000,0x00000000eb600000)
 ParOldGen       total 220160K, used 211479K [0x00000000c0000000, 0x00000000cd700000, 0x00000000eab00000)
  object space 220160K, 96% used [0x00000000c0000000,0x00000000cce85f08,0x00000000cd700000)
 Metaspace       used 67834K, committed 69056K, reserved 1114112K
  class space    used 6897K, committed 7488K, reserved 1048576K
}
Event: 35.453 GC heap after
{Heap after GC invocations=816 (full 21):
 PSYoungGen      total 5632K, used 2560K [0x00000000eab00000, 0x00000000ebd00000, 0x0000000100000000)
  eden space 3072K, 0% used [0x00000000eab00000,0x00000000eab00000,0x00000000eae00000)
  from space 2560K, 100% used [0x00000000eb380000,0x00000000eb600000,0x00000000eb600000)
  to   space 5632K, 0% used [0x00000000eae00000,0x00000000eae00000,0x00000000eb380000)
 ParOldGen       total 220160K, used 213645K [0x00000000c0000000, 0x00000000cd700000, 0x00000000eab00000)
  object space 220160K, 97% used [0x00000000c0000000,0x00000000cd0a36e8,0x00000000cd700000)
 Metaspace       used 67834K, committed 69056K, reserved 1114112K
  class space    used 6897K, committed 7488K, reserved 1048576K
}
Event: 35.460 GC heap before
{Heap before GC invocations=817 (full 21):
 PSYoungGen      total 5632K, used 5632K [0x00000000eab00000, 0x00000000ebd00000, 0x0000000100000000)
  eden space 3072K, 100% used [0x00000000eab00000,0x00000000eae00000,0x00000000eae00000)
  from space 2560K, 100% used [0x00000000eb380000,0x00000000eb600000,0x00000000eb600000)
  to   space 5632K, 0% used [0x00000000eae00000,0x00000000eae00000,0x00000000eb380000)
 ParOldGen       total 220160K, used 213645K [0x00000000c0000000, 0x00000000cd700000, 0x00000000eab00000)
  object space 220160K, 97% used [0x00000000c0000000,0x00000000cd0a36e8,0x00000000cd700000)
 Metaspace       used 67872K, committed 69120K, reserved 1114112K
  class space    used 6905K, committed 7488K, reserved 1048576K
}
Event: 35.463 GC heap after
{Heap after GC invocations=817 (full 21):
 PSYoungGen      total 4608K, used 1403K [0x00000000eab00000, 0x00000000eb500000, 0x0000000100000000)
  eden space 3072K, 0% used [0x00000000eab00000,0x00000000eab00000,0x00000000eae00000)
  from space 1536K, 91% used [0x00000000eae00000,0x00000000eaf5ec08,0x00000000eaf80000)
  to   space 3072K, 0% used [0x00000000eb200000,0x00000000eb200000,0x00000000eb500000)
 ParOldGen       total 220160K, used 216157K [0x00000000c0000000, 0x00000000cd700000, 0x00000000eab00000)
  object space 220160K, 98% used [0x00000000c0000000,0x00000000cd3176e8,0x00000000cd700000)
 Metaspace       used 67872K, committed 69120K, reserved 1114112K
  class space    used 6905K, committed 7488K, reserved 1048576K
}
Event: 35.473 GC heap before
{Heap before GC invocations=818 (full 21):
 PSYoungGen      total 4608K, used 4475K [0x00000000eab00000, 0x00000000eb500000, 0x0000000100000000)
  eden space 3072K, 100% used [0x00000000eab00000,0x00000000eae00000,0x00000000eae00000)
  from space 1536K, 91% used [0x00000000eae00000,0x00000000eaf5ec08,0x00000000eaf80000)
  to   space 3072K, 0% used [0x00000000eb200000,0x00000000eb200000,0x00000000eb500000)
 ParOldGen       total 220160K, used 216157K [0x00000000c0000000, 0x00000000cd700000, 0x00000000eab00000)
  object space 220160K, 98% used [0x00000000c0000000,0x00000000cd3176e8,0x00000000cd700000)
 Metaspace       used 67935K, committed 69184K, reserved 1114112K
  class space    used 6921K, committed 7488K, reserved 1048576K
}
Event: 35.475 GC heap after
{Heap after GC invocations=818 (full 21):
 PSYoungGen      total 5632K, used 1440K [0x00000000eab00000, 0x00000000eb380000, 0x0000000100000000)
  eden space 4096K, 0% used [0x00000000eab00000,0x00000000eab00000,0x00000000eaf00000)
  from space 1536K, 93% used [0x00000000eb200000,0x00000000eb368000,0x00000000eb380000)
  to   space 2048K, 0% used [0x00000000eaf80000,0x00000000eaf80000,0x00000000eb180000)
 ParOldGen       total 220160K, used 217472K [0x00000000c0000000, 0x00000000cd700000, 0x00000000eab00000)
  object space 220160K, 98% used [0x00000000c0000000,0x00000000cd4602f0,0x00000000cd700000)
 Metaspace       used 67935K, committed 69184K, reserved 1114112K
  class space    used 6921K, committed 7488K, reserved 1048576K
}
Event: 35.490 GC heap before
{Heap before GC invocations=819 (full 21):
 PSYoungGen      total 5632K, used 5536K [0x00000000eab00000, 0x00000000eb380000, 0x0000000100000000)
  eden space 4096K, 100% used [0x00000000eab00000,0x00000000eaf00000,0x00000000eaf00000)
  from space 1536K, 93% used [0x00000000eb200000,0x00000000eb368000,0x00000000eb380000)
  to   space 2048K, 0% used [0x00000000eaf80000,0x00000000eaf80000,0x00000000eb180000)
 ParOldGen       total 220160K, used 217472K [0x00000000c0000000, 0x00000000cd700000, 0x00000000eab00000)
  object space 220160K, 98% used [0x00000000c0000000,0x00000000cd4602f0,0x00000000cd700000)
 Metaspace       used 67950K, committed 69184K, reserved 1114112K
  class space    used 6923K, committed 7488K, reserved 1048576K
}
Event: 35.493 GC heap after
{Heap after GC invocations=819 (full 21):
 PSYoungGen      total 6656K, used 2048K [0x00000000eab00000, 0x00000000eb500000, 0x0000000100000000)
  eden space 4608K, 0% used [0x00000000eab00000,0x00000000eab00000,0x00000000eaf80000)
  from space 2048K, 100% used [0x00000000eaf80000,0x00000000eb180000,0x00000000eb180000)
  to   space 2560K, 0% used [0x00000000eb280000,0x00000000eb280000,0x00000000eb500000)
 ParOldGen       total 220160K, used 218800K [0x00000000c0000000, 0x00000000cd700000, 0x00000000eab00000)
  object space 220160K, 99% used [0x00000000c0000000,0x00000000cd5ac2f0,0x00000000cd700000)
 Metaspace       used 67950K, committed 69184K, reserved 1114112K
  class space    used 6923K, committed 7488K, reserved 1048576K
}
Event: 35.493 GC heap before
{Heap before GC invocations=820 (full 22):
 PSYoungGen      total 6656K, used 2048K [0x00000000eab00000, 0x00000000eb500000, 0x0000000100000000)
  eden space 4608K, 0% used [0x00000000eab00000,0x00000000eab00000,0x00000000eaf80000)
  from space 2048K, 100% used [0x00000000eaf80000,0x00000000eb180000,0x00000000eb180000)
  to   space 2560K, 0% used [0x00000000eb280000,0x00000000eb280000,0x00000000eb500000)
 ParOldGen       total 220160K, used 218800K [0x00000000c0000000, 0x00000000cd700000, 0x00000000eab00000)
  object space 220160K, 99% used [0x00000000c0000000,0x00000000cd5ac2f0,0x00000000cd700000)
 Metaspace       used 67950K, committed 69184K, reserved 1114112K
  class space    used 6923K, committed 7488K, reserved 1048576K
}

Deoptimization events (20 events):
Event: 35.384 Thread 0x00000211261f86a0 Uncommon trap: trap_request=0xffffff45 fr.pc=0x00000211081cd0cc relative=0x00000000000001ac
Event: 35.384 Thread 0x00000211261f86a0 Uncommon trap: reason=unstable_if action=reinterpret pc=0x00000211081cd0cc method=java.lang.Module.getLayer()Ljava/lang/ModuleLayer; @ 13 c2
Event: 35.384 Thread 0x00000211261f86a0 DEOPT PACKING pc=0x00000211081cd0cc sp=0x000000fdd3cfd6a0
Event: 35.384 Thread 0x00000211261f86a0 DEOPT UNPACKING pc=0x00000211000520a3 sp=0x000000fdd3cfd638 mode 2
Event: 35.429 Thread 0x00000211261f86a0 Uncommon trap: trap_request=0xffffffe4 fr.pc=0x00000211082548b8 relative=0x0000000000001178
Event: 35.429 Thread 0x00000211261f86a0 Uncommon trap: reason=range_check action=make_not_entrant pc=0x00000211082548b8 method=org.eclipse.jdt.core.Signature.encodeTypeSignature([CIZILjava/lang/StringBuffer;)I @ 33 c2
Event: 35.429 Thread 0x00000211261f86a0 DEOPT PACKING pc=0x00000211082548b8 sp=0x000000fdd3cfe710
Event: 35.429 Thread 0x00000211261f86a0 DEOPT UNPACKING pc=0x00000211000520a3 sp=0x000000fdd3cfe6e0 mode 2
Event: 35.438 Thread 0x0000021112f70840 Uncommon trap: trap_request=0xffffff45 fr.pc=0x000002110828c9cc relative=0x00000000000018ac
Event: 35.438 Thread 0x0000021112f70840 Uncommon trap: reason=unstable_if action=reinterpret pc=0x000002110828c9cc method=org.eclipse.jdt.internal.compiler.classfmt.FieldInfo.createField([B[IIJ)Lorg/eclipse/jdt/internal/compiler/classfmt/FieldInfo; @ 191 c2
Event: 35.438 Thread 0x0000021112f70840 DEOPT PACKING pc=0x000002110828c9cc sp=0x000000fdd2cfec60
Event: 35.438 Thread 0x0000021112f70840 DEOPT UNPACKING pc=0x00000211000520a3 sp=0x000000fdd2cfebe8 mode 2
Event: 35.439 Thread 0x0000021112f70840 Uncommon trap: trap_request=0xffffff45 fr.pc=0x0000021107fa7914 relative=0x00000000000038f4
Event: 35.439 Thread 0x0000021112f70840 Uncommon trap: reason=unstable_if action=reinterpret pc=0x0000021107fa7914 method=org.eclipse.jdt.internal.compiler.classfmt.AnnotationInfo.scanElementValue(I)I @ 12 c2
Event: 35.439 Thread 0x0000021112f70840 DEOPT PACKING pc=0x0000021107fa7914 sp=0x000000fdd2cfea90
Event: 35.439 Thread 0x0000021112f70840 DEOPT UNPACKING pc=0x00000211000520a3 sp=0x000000fdd2cfe9d0 mode 2
Event: 35.439 Thread 0x0000021112f70840 Uncommon trap: trap_request=0xffffff45 fr.pc=0x000002110830268c relative=0x000000000000048c
Event: 35.439 Thread 0x0000021112f70840 Uncommon trap: reason=unstable_if action=reinterpret pc=0x000002110830268c method=org.eclipse.jdt.internal.compiler.classfmt.AnnotationInfo.scanElementValue(I)I @ 12 c2
Event: 35.439 Thread 0x0000021112f70840 DEOPT PACKING pc=0x000002110830268c sp=0x000000fdd2cfe960
Event: 35.439 Thread 0x0000021112f70840 DEOPT UNPACKING pc=0x00000211000520a3 sp=0x000000fdd2cfe900 mode 2

Classes unloaded (7 events):
Event: 3.398 Thread 0x000002117f7adee0 Unloading class 0x0000000100218800 'java/lang/invoke/LambdaForm$MH+0x0000000100218800'
Event: 3.398 Thread 0x000002117f7adee0 Unloading class 0x0000000100218400 'java/lang/invoke/LambdaForm$MH+0x0000000100218400'
Event: 3.398 Thread 0x000002117f7adee0 Unloading class 0x0000000100218000 'java/lang/invoke/LambdaForm$MH+0x0000000100218000'
Event: 3.398 Thread 0x000002117f7adee0 Unloading class 0x0000000100217c00 'java/lang/invoke/LambdaForm$MH+0x0000000100217c00'
Event: 3.398 Thread 0x000002117f7adee0 Unloading class 0x0000000100217400 'java/lang/invoke/LambdaForm$BMH+0x0000000100217400'
Event: 3.398 Thread 0x000002117f7adee0 Unloading class 0x0000000100217000 'java/lang/invoke/LambdaForm$DMH+0x0000000100217000'
Event: 3.398 Thread 0x000002117f7adee0 Unloading class 0x0000000100214400 'java/lang/invoke/LambdaForm$DMH+0x0000000100214400'

Classes redefined (0 events):
No events

Internal exceptions (20 events):
Event: 34.431 Thread 0x0000021112f70840 Exception <a 'sun/nio/fs/WindowsException'{0x00000000eac48ab0}> (0x00000000eac48ab0) 
thrown [s\src\hotspot\share\prims\jni.cpp, line 516]
Event: 34.595 Thread 0x0000021115347780 Exception <a 'java/lang/NoSuchMethodError'{0x00000000eb10e7f0}: 'java.lang.Object java.lang.invoke.DirectMethodHandle$Holder.invokeStatic(java.lang.Object, java.lang.Object, int, java.lang.Object)'> (0x00000000eb10e7f0) 
thrown [s\src\hotspot\share\interpreter\linkResolver.cpp, line 759]
Event: 34.596 Thread 0x0000021115347780 Exception <a 'java/lang/NoSuchMethodError'{0x00000000eb117408}: 'java.lang.Object java.lang.invoke.DirectMethodHandle$Holder.newInvokeSpecial(java.lang.Object, java.lang.Object, int)'> (0x00000000eb117408) 
thrown [s\src\hotspot\share\interpreter\linkResolver.cpp, line 759]
Event: 34.607 Thread 0x0000021112f70840 Exception <a 'sun/nio/fs/WindowsException'{0x00000000eb0ee330}> (0x00000000eb0ee330) 
thrown [s\src\hotspot\share\prims\jni.cpp, line 516]
Event: 34.619 Thread 0x0000021112f70840 Exception <a 'sun/nio/fs/WindowsException'{0x00000000eb247ce0}> (0x00000000eb247ce0) 
thrown [s\src\hotspot\share\prims\jni.cpp, line 516]
Event: 34.638 Thread 0x0000021112f70840 Exception <a 'sun/nio/fs/WindowsException'{0x00000000eab8faf0}> (0x00000000eab8faf0) 
thrown [s\src\hotspot\share\prims\jni.cpp, line 516]
Event: 34.665 Thread 0x0000021115347780 Exception <a 'java/io/FileNotFoundException'{0x00000000eb0bff98}> (0x00000000eb0bff98) 
thrown [s\src\hotspot\share\prims\jni.cpp, line 516]
Event: 34.673 Thread 0x0000021112f70840 Exception <a 'sun/nio/fs/WindowsException'{0x00000000eb1785b8}> (0x00000000eb1785b8) 
thrown [s\src\hotspot\share\prims\jni.cpp, line 516]
Event: 34.716 Thread 0x0000021115347780 Exception <a 'java/lang/NoSuchMethodError'{0x00000000eab017d0}: 'java.lang.Object java.lang.invoke.DirectMethodHandle$Holder.invokeStatic(java.lang.Object, int, java.lang.Object)'> (0x00000000eab017d0) 
thrown [s\src\hotspot\share\interpreter\linkResolver.cpp, line 759]
Event: 34.760 Thread 0x0000021112f716b0 Exception <a 'sun/nio/fs/WindowsException'{0x00000000eaf92d50}> (0x00000000eaf92d50) 
thrown [s\src\hotspot\share\prims\jni.cpp, line 516]
Event: 34.763 Thread 0x0000021112f70840 Exception <a 'sun/nio/fs/WindowsException'{0x00000000eaece928}> (0x00000000eaece928) 
thrown [s\src\hotspot\share\prims\jni.cpp, line 516]
Event: 34.874 Thread 0x0000021112f71b80 Exception <a 'java/lang/NoSuchMethodError'{0x00000000eaddf938}: 'void java.lang.invoke.DirectMethodHandle$Holder.invokeSpecial(java.lang.Object, java.lang.Object, java.lang.Object, java.lang.Object, java.lang.Object)'> (0x00000000eaddf938) 
thrown [s\src\hotspot\share\interpreter\linkResolver.cpp, line 759]
Event: 34.895 Thread 0x0000021115347780 Exception <a 'sun/nio/fs/WindowsException'{0x00000000eab3f678}> (0x00000000eab3f678) 
thrown [s\src\hotspot\share\prims\jni.cpp, line 516]
Event: 34.899 Thread 0x0000021115347780 Exception <a 'sun/nio/fs/WindowsException'{0x00000000eab91b48}> (0x00000000eab91b48) 
thrown [s\src\hotspot\share\prims\jni.cpp, line 516]
Event: 35.142 Thread 0x0000021112f70840 Exception <a 'sun/nio/fs/WindowsException'{0x00000000eae00590}> (0x00000000eae00590) 
thrown [s\src\hotspot\share\prims\jni.cpp, line 516]
Event: 35.305 Thread 0x0000021112f70840 Exception <a 'sun/nio/fs/WindowsException'{0x00000000eac1a830}> (0x00000000eac1a830) 
thrown [s\src\hotspot\share\prims\jni.cpp, line 516]
Event: 35.366 Thread 0x0000021112f70840 Exception <a 'sun/nio/fs/WindowsException'{0x00000000eabcd4d8}> (0x00000000eabcd4d8) 
thrown [s\src\hotspot\share\prims\jni.cpp, line 516]
Event: 35.416 Thread 0x00000211261f86a0 Exception <a 'java/lang/ClassNotFoundException'{0x00000000eae89928}: sun/util/logging/resources/spi/loggingProvider> (0x00000000eae89928) 
thrown [s\src\hotspot\share\classfile\systemDictionary.cpp, line 256]
Event: 35.466 Thread 0x0000021112f72050 Exception <a 'java/lang/NoSuchMethodError'{0x00000000eab09360}: 'java.lang.Object java.lang.invoke.DirectMethodHandle$Holder.invokeStatic(java.lang.Object, int, java.lang.Object, java.lang.Object, java.lang.Object, java.lang.Object)'> (0x00000000eab09360) 
thrown [s\src\hotspot\share\interpreter\linkResolver.cpp, line 759]
Event: 35.466 Thread 0x0000021112f72050 Exception <a 'java/lang/NoSuchMethodError'{0x00000000eab69280}: 'java.lang.Object java.lang.invoke.DirectMethodHandle$Holder.newInvokeSpecial(java.lang.Object, int, java.lang.Object, java.lang.Object, java.lang.Object)'> (0x00000000eab69280) 
thrown [s\src\hotspot\share\interpreter\linkResolver.cpp, line 759]

VM Operations (20 events):
Event: 35.300 Executing VM operation: ParallelGCFailedAllocation done
Event: 35.307 Executing VM operation: ParallelGCFailedAllocation
Event: 35.310 Executing VM operation: ParallelGCFailedAllocation done
Event: 35.319 Executing VM operation: ParallelGCFailedAllocation
Event: 35.344 Executing VM operation: ParallelGCFailedAllocation done
Event: 35.359 Executing VM operation: ParallelGCFailedAllocation
Event: 35.365 Executing VM operation: ParallelGCFailedAllocation done
Event: 35.374 Executing VM operation: ParallelGCFailedAllocation
Event: 35.377 Executing VM operation: ParallelGCFailedAllocation done
Event: 35.387 Executing VM operation: ParallelGCFailedAllocation
Event: 35.397 Executing VM operation: ParallelGCFailedAllocation done
Event: 35.430 Executing VM operation: ParallelGCFailedAllocation
Event: 35.434 Executing VM operation: ParallelGCFailedAllocation done
Event: 35.450 Executing VM operation: ParallelGCFailedAllocation
Event: 35.453 Executing VM operation: ParallelGCFailedAllocation done
Event: 35.460 Executing VM operation: ParallelGCFailedAllocation
Event: 35.463 Executing VM operation: ParallelGCFailedAllocation done
Event: 35.473 Executing VM operation: ParallelGCFailedAllocation
Event: 35.475 Executing VM operation: ParallelGCFailedAllocation done
Event: 35.490 Executing VM operation: ParallelGCFailedAllocation

Events (20 events):
Event: 35.414 loading class java/lang/StackStreamFactory$FrameBuffer done
Event: 35.414 loading class java/lang/StackStreamFactory$StackFrameTraverser$StackFrameBuffer done
Event: 35.415 loading class java/util/logging/Level$RbAccess
Event: 35.415 loading class java/util/logging/Level$RbAccess done
Event: 35.416 loading class sun/util/logging/resources/logging
Event: 35.416 loading class sun/util/logging/resources/logging done
Event: 35.416 loading class sun/util/logging/resources/logging_pt
Event: 35.416 loading class sun/util/logging/resources/logging_pt done
Event: 35.416 loading class sun/util/logging/resources/logging_pt
Event: 35.416 loading class sun/util/logging/resources/logging_pt done
Event: 35.416 loading class sun/util/logging/resources/logging_pt_BR
Event: 35.416 loading class sun/util/logging/resources/logging_pt_BR done
Event: 35.417 loading class java/util/Formatter$DateTime
Event: 35.417 loading class java/util/Formatter$DateTime done
Event: 35.417 loading class java/time/ZonedDateTime$1
Event: 35.417 loading class java/time/ZonedDateTime$1 done
Event: 35.417 loading class java/time/LocalDate$1
Event: 35.417 loading class java/time/LocalDate$1 done
Event: 35.418 loading class java/time/LocalTime$1
Event: 35.418 loading class java/time/LocalTime$1 done


Dynamic libraries:
0x00007ff6b6010000 - 0x00007ff6b601e000 	c:\Users\java\.vscode\extensions\redhat.java-1.11.0-win32-x64\jre\17.0.4.1-win32-x86_64\bin\java.exe
0x00007ff8d6650000 - 0x00007ff8d6848000 	C:\Windows\SYSTEM32\ntdll.dll
0x00007ff8d4890000 - 0x00007ff8d494d000 	C:\Windows\System32\KERNEL32.DLL
0x00007ff8d4160000 - 0x00007ff8d442e000 	C:\Windows\System32\KERNELBASE.dll
0x00007ff8d3d40000 - 0x00007ff8d3e40000 	C:\Windows\System32\ucrtbase.dll
0x00007ff8cf970000 - 0x00007ff8cf989000 	c:\Users\java\.vscode\extensions\redhat.java-1.11.0-win32-x64\jre\17.0.4.1-win32-x86_64\bin\VCRUNTIME140.dll
0x00007ff8cf990000 - 0x00007ff8cf9a8000 	c:\Users\java\.vscode\extensions\redhat.java-1.11.0-win32-x64\jre\17.0.4.1-win32-x86_64\bin\jli.dll
0x00007ff8d4690000 - 0x00007ff8d4830000 	C:\Windows\System32\USER32.dll
0x00007ff8be040000 - 0x00007ff8be2da000 	C:\Windows\WinSxS\amd64_microsoft.windows.common-controls_6595b64144ccf1df_6.0.19041.1110_none_60b5254171f9507e\COMCTL32.dll
0x00007ff8d44a0000 - 0x00007ff8d44c2000 	C:\Windows\System32\win32u.dll
0x00007ff8d5440000 - 0x00007ff8d54de000 	C:\Windows\System32\msvcrt.dll
0x00007ff8d4f60000 - 0x00007ff8d4f8a000 	C:\Windows\System32\GDI32.dll
0x00007ff8d44d0000 - 0x00007ff8d45db000 	C:\Windows\System32\gdi32full.dll
0x00007ff8d45e0000 - 0x00007ff8d467d000 	C:\Windows\System32\msvcp_win.dll
0x00007ff8d6470000 - 0x00007ff8d64a0000 	C:\Windows\System32\IMM32.DLL
0x00007ff8cf920000 - 0x00007ff8cf92c000 	c:\Users\java\.vscode\extensions\redhat.java-1.11.0-win32-x64\jre\17.0.4.1-win32-x86_64\bin\vcruntime140_1.dll
0x00007ff8a1240000 - 0x00007ff8a12d1000 	c:\Users\java\.vscode\extensions\redhat.java-1.11.0-win32-x64\jre\17.0.4.1-win32-x86_64\bin\msvcp140.dll
0x00007ff873950000 - 0x00007ff874596000 	c:\Users\java\.vscode\extensions\redhat.java-1.11.0-win32-x64\jre\17.0.4.1-win32-x86_64\bin\server\jvm.dll
0x00007ff8d5ce0000 - 0x00007ff8d5d8e000 	C:\Windows\System32\ADVAPI32.dll
0x00007ff8d4ec0000 - 0x00007ff8d4f5c000 	C:\Windows\System32\sechost.dll
0x00007ff8d4cb0000 - 0x00007ff8d4dd5000 	C:\Windows\System32\RPCRT4.dll
0x00007ff8d5ec0000 - 0x00007ff8d5ec8000 	C:\Windows\System32\PSAPI.DLL
0x00007ff8b4650000 - 0x00007ff8b4659000 	C:\Windows\SYSTEM32\WSOCK32.dll
0x00007ff8d51a0000 - 0x00007ff8d520b000 	C:\Windows\System32\WS2_32.dll
0x00007ff8c39e0000 - 0x00007ff8c3a07000 	C:\Windows\SYSTEM32\WINMM.dll
0x00007ff8cd880000 - 0x00007ff8cd88a000 	C:\Windows\SYSTEM32\VERSION.dll
0x00007ff8d1c10000 - 0x00007ff8d1c22000 	C:\Windows\SYSTEM32\kernel.appcore.dll
0x00007ff8cf910000 - 0x00007ff8cf91a000 	c:\Users\java\.vscode\extensions\redhat.java-1.11.0-win32-x64\jre\17.0.4.1-win32-x86_64\bin\jimage.dll
0x00007ff8bb240000 - 0x00007ff8bb424000 	C:\Windows\SYSTEM32\DBGHELP.DLL
0x00007ff8bb130000 - 0x00007ff8bb15c000 	C:\Windows\SYSTEM32\dbgcore.DLL
0x00007ff8d3e70000 - 0x00007ff8d3ef2000 	C:\Windows\System32\bcryptPrimitives.dll
0x00007ff8cf900000 - 0x00007ff8cf90e000 	c:\Users\java\.vscode\extensions\redhat.java-1.11.0-win32-x64\jre\17.0.4.1-win32-x86_64\bin\instrument.dll
0x00007ff8cf270000 - 0x00007ff8cf295000 	c:\Users\java\.vscode\extensions\redhat.java-1.11.0-win32-x64\jre\17.0.4.1-win32-x86_64\bin\java.dll
0x00007ff8c1080000 - 0x00007ff8c1098000 	c:\Users\java\.vscode\extensions\redhat.java-1.11.0-win32-x64\jre\17.0.4.1-win32-x86_64\bin\zip.dll
0x00007ff8d5590000 - 0x00007ff8d5cd3000 	C:\Windows\System32\SHELL32.dll
0x00007ff8d1e10000 - 0x00007ff8d25a5000 	C:\Windows\SYSTEM32\windows.storage.dll
0x00007ff8d4950000 - 0x00007ff8d4ca4000 	C:\Windows\System32\combase.dll
0x00007ff8d36c0000 - 0x00007ff8d36f0000 	C:\Windows\SYSTEM32\Wldp.dll
0x00007ff8d6530000 - 0x00007ff8d65dd000 	C:\Windows\System32\SHCORE.dll
0x00007ff8d5140000 - 0x00007ff8d5195000 	C:\Windows\System32\shlwapi.dll
0x00007ff8d3c80000 - 0x00007ff8d3c9f000 	C:\Windows\SYSTEM32\profapi.dll
0x00007ff8c1060000 - 0x00007ff8c1079000 	C:\Users\java\.vscode\extensions\redhat.java-1.11.0-win32-x64\jre\17.0.4.1-win32-x86_64\bin\net.dll
0x00007ff8cac20000 - 0x00007ff8cad2a000 	C:\Windows\SYSTEM32\WINHTTP.dll
0x00007ff8d34a0000 - 0x00007ff8d350a000 	C:\Windows\system32\mswsock.dll
0x00007ff8c0a40000 - 0x00007ff8c0a55000 	C:\Users\java\.vscode\extensions\redhat.java-1.11.0-win32-x64\jre\17.0.4.1-win32-x86_64\bin\nio.dll
0x00007ff8c1010000 - 0x00007ff8c1020000 	c:\Users\java\.vscode\extensions\redhat.java-1.11.0-win32-x64\jre\17.0.4.1-win32-x86_64\bin\verify.dll
0x00007ff8b0940000 - 0x00007ff8b097e000 	C:\Users\java\AppData\Roaming\Code\User\globalStorage\redhat.java\1.11.0\config_win\org.eclipse.equinox.launcher\org.eclipse.equinox.launcher.win32.win32.x86_64_1.2.600.v20220720-1916\eclipse_11700.dll
0x00007ff8d6340000 - 0x00007ff8d646a000 	C:\Windows\System32\ole32.dll
0x00007ff8d3700000 - 0x00007ff8d3718000 	C:\Windows\SYSTEM32\CRYPTSP.dll
0x00007ff8d2dd0000 - 0x00007ff8d2e04000 	C:\Windows\system32\rsaenh.dll
0x00007ff8d3e40000 - 0x00007ff8d3e67000 	C:\Windows\System32\bcrypt.dll
0x00007ff8d3c40000 - 0x00007ff8d3c6e000 	C:\Windows\SYSTEM32\USERENV.dll
0x00007ff8d3630000 - 0x00007ff8d363c000 	C:\Windows\SYSTEM32\CRYPTBASE.dll
0x00007ff8d3160000 - 0x00007ff8d319b000 	C:\Windows\SYSTEM32\IPHLPAPI.DLL
0x00007ff8d4680000 - 0x00007ff8d4688000 	C:\Windows\System32\NSI.dll
0x00007ff8cf140000 - 0x00007ff8cf157000 	C:\Windows\SYSTEM32\dhcpcsvc6.DLL
0x00007ff8cf120000 - 0x00007ff8cf13d000 	C:\Windows\SYSTEM32\dhcpcsvc.DLL
0x00007ff8d31b0000 - 0x00007ff8d327a000 	C:\Windows\SYSTEM32\DNSAPI.dll
0x00007ff87d0a0000 - 0x00007ff87d0e4000 	C:\Users\java\AppData\Local\Temp\jna-3254818\jna16801308365393576060.dll
0x00007ff8cf9c0000 - 0x00007ff8cf9ce000 	C:\Users\java\.vscode\extensions\redhat.java-1.11.0-win32-x64\jre\17.0.4.1-win32-x86_64\bin\sunmscapi.dll
0x00007ff8d3f00000 - 0x00007ff8d4056000 	C:\Windows\System32\CRYPT32.dll
0x00007ff8d3810000 - 0x00007ff8d3837000 	C:\Windows\SYSTEM32\ncrypt.dll
0x00007ff8d37d0000 - 0x00007ff8d380b000 	C:\Windows\SYSTEM32\NTASN1.dll

dbghelp: loaded successfully - version: 4.0.5 - missing functions: none
symbol engine: initialized successfully - sym options: 0x614 - pdb path: .;c:\Users\java\.vscode\extensions\redhat.java-1.11.0-win32-x64\jre\17.0.4.1-win32-x86_64\bin;C:\Windows\SYSTEM32;C:\Windows\WinSxS\amd64_microsoft.windows.common-controls_6595b64144ccf1df_6.0.19041.1110_none_60b5254171f9507e;c:\Users\java\.vscode\extensions\redhat.java-1.11.0-win32-x64\jre\17.0.4.1-win32-x86_64\bin\server;C:\Users\java\AppData\Roaming\Code\User\globalStorage\redhat.java\1.11.0\config_win\org.eclipse.equinox.launcher\org.eclipse.equinox.launcher.win32.win32.x86_64_1.2.600.v20220720-1916;C:\Users\java\AppData\Local\Temp\jna-3254818

VM Arguments:
jvm_args: --add-modules=ALL-SYSTEM --add-opens=java.base/java.util=ALL-UNNAMED --add-opens=java.base/java.lang=ALL-UNNAMED --add-opens=java.base/sun.nio.fs=ALL-UNNAMED -Declipse.application=org.eclipse.jdt.ls.core.id1 -Dosgi.bundles.defaultStartLevel=4 -Declipse.product=org.eclipse.jdt.ls.core.product -Djava.import.generatesMetadataFilesAtProjectRoot=false -Dfile.encoding=utf8 -DwatchParentProcess=false -XX:+UseParallelGC -XX:GCTimeRatio=4 -XX:AdaptiveSizePolicyWeight=90 -Dsun.zip.disableMemoryMapping=true -Xmx1G -Xms100m -Xlog:disable -javaagent:c:\Users\java\.vscode\extensions\redhat.java-1.11.0-win32-x64\lombok\lombok-1.18.24.jar -XX:+HeapDumpOnOutOfMemoryError -XX:HeapDumpPath=c:\Users\java\AppData\Roaming\Code\User\workspaceStorage\a883d4d884019d21ee6c7f18c1e348f2\redhat.java 
java_command: c:\Users\java\.vscode\extensions\redhat.java-1.11.0-win32-x64\server\plugins\org.eclipse.equinox.launcher_1.6.400.v20210924-0641.jar -configuration c:\Users\java\AppData\Roaming\Code\User\globalStorage\redhat.java\1.11.0\config_win -data c:\Users\java\AppData\Roaming\Code\User\workspaceStorage\a883d4d884019d21ee6c7f18c1e348f2\redhat.java\jdt_ws
java_class_path (initial): c:\Users\java\.vscode\extensions\redhat.java-1.11.0-win32-x64\server\plugins\org.eclipse.equinox.launcher_1.6.400.v20210924-0641.jar
Launcher Type: SUN_STANDARD

[Global flags]
    uintx AdaptiveSizePolicyWeight                 = 90                                        {product} {command line}
     intx CICompilerCount                          = 4                                         {product} {ergonomic}
    uintx GCTimeRatio                              = 4                                         {product} {command line}
     bool HeapDumpOnOutOfMemoryError               = true                                   {manageable} {command line}
    ccstr HeapDumpPath                             = c:\Users\java\AppData\Roaming\Code\User\workspaceStorage\a883d4d884019d21ee6c7f18c1e348f2\redhat.java         {manageable} {command line}
   size_t InitialHeapSize                          = 104857600                                 {product} {command line}
   size_t MaxHeapSize                              = 1073741824                                {product} {command line}
   size_t MaxNewSize                               = 357564416                                 {product} {ergonomic}
   size_t MinHeapDeltaBytes                        = 524288                                    {product} {ergonomic}
   size_t MinHeapSize                              = 104857600                                 {product} {command line}
   size_t NewSize                                  = 34603008                                  {product} {ergonomic}
    uintx NonNMethodCodeHeapSize                   = 5839372                                {pd product} {ergonomic}
    uintx NonProfiledCodeHeapSize                  = 122909434                              {pd product} {ergonomic}
   size_t OldSize                                  = 70254592                                  {product} {ergonomic}
    uintx ProfiledCodeHeapSize                     = 122909434                              {pd product} {ergonomic}
    uintx ReservedCodeCacheSize                    = 251658240                              {pd product} {ergonomic}
     bool SegmentedCodeCache                       = true                                      {product} {ergonomic}
   size_t SoftMaxHeapSize                          = 1073741824                             {manageable} {ergonomic}
     bool UseCompressedClassPointers               = true                           {product lp64_product} {ergonomic}
     bool UseCompressedOops                        = true                           {product lp64_product} {ergonomic}
     bool UseLargePagesIndividualAllocation        = false                                  {pd product} {ergonomic}
     bool UseParallelGC                            = true                                      {product} {command line}

Logging:
Log output configuration:
 #0: stdout all=off uptime,level,tags
 #1: stderr all=off uptime,level,tags

Environment Variables:
JAVA_HOME=C:\Program Files\Java\jdk-17.0.4.1
PATH=C:\Program Files\Java\jdk-17.0.4.1\bin;C:\Program Files\Common Files\Oracle\Java\javapath;C:\Program Files (x86)\Common Files\Oracle\Java\javapath;C:\Windows\system32;C:\Windows;C:\Windows\System32\Wbem;C:\Windows\System32\WindowsPowerShell\v1.0\;C:\Windows\System32\OpenSSH\;C:\Program Files (x86)\dotnet\;C:\Program Files (x86)\NVIDIA Corporation\PhysX\Common;C:\Program Files\Docker\Docker\resources\bin;C:\ProgramData\DockerDesktop\version-bin;C:\Users\java\AppData\Local\Microsoft\WindowsApps;C:\Users\java\AppData\Local\GitHubDesktop\bin;C:\Users\java\AppData\Local\Programs\Microsoft VS Code\bin;C:\Users\java\AppData\Local\Programs\Git\cmd
USERNAME=java
OS=Windows_NT
PROCESSOR_IDENTIFIER=Intel64 Family 6 Model 58 Stepping 9, GenuineIntel
TMP=C:\Users\java\AppData\Local\Temp
TEMP=C:\Users\java\AppData\Local\Temp



---------------  S Y S T E M  ---------------

OS:
 Windows 10 , 64 bit Build 19041 (10.0.19041.1889)
OS uptime: 0 days 16:23 hours
Hyper-V role detected

CPU: total 8 (initial active 8) (4 cores per cpu, 2 threads per core) family 6 model 58 stepping 9 microcode 0x21, cx8, cmov, fxsr, ht, mmx, sse, sse2, sse3, ssse3, sse4.1, sse4.2, popcnt, tsc, tscinvbit, avx, aes, erms, clmul, vzeroupper, clflush, hv

Memory: 4k page, system-wide physical 16348M (8662M free)
TotalPageFile size 18780M (AvailPageFile size 8069M)
current process WorkingSet (physical memory assigned to process): 506M, peak: 623M
current process commit charge ("private bytes"): 486M, peak: 627M

vm_info: OpenJDK 64-Bit Server VM (17.0.4.1+1) for windows-amd64 JRE (17.0.4.1+1), built on Aug 17 2022 07:42:43 by "temurin" with MS VC++ 16.7 (VS2019)

END.
